drwxr-xr-x   - root staff          0 2020-10-12 08:13 /input
-rw-r--r--   3 root staff  915056640 2020-10-12 08:13 /input/hadoop-dis.tar
drwx------   - root staff          0 2020-10-12 07:46 /user
drwx------   - root staff          0 2020-10-12 07:46 /user/root
drwx------   - root staff          0 2020-10-12 07:46 /user/root/.Trash
drwx------   - root staff          0 2020-10-12 07:46 /user/root/.Trash/Current
drwx------   - root staff          0 2020-10-12 07:59 /user/root/.Trash/Current/input
-rw-r--r--   3 root staff  915056640 2020-10-10 01:22 /user/root/.Trash/Current/input/hadoop-dis.tar
-rw-r--r--   3 root staff  915056640 2020-10-12 07:51 /user/root/.Trash/Current/input/hadoop-dis.tar1602489554685

drwxr-xr-x   - root staff          0 2020-10-12 08:18 /input
drwx------   - root staff          0 2020-10-12 07:46 /user
drwx------   - root staff          0 2020-10-12 07:46 /user/root
drwx------   - root staff          0 2020-10-12 07:46 /user/root/.Trash
drwx------   - root staff          0 2020-10-12 07:46 /user/root/.Trash/Current
drwx------   - root staff          0 2020-10-12 08:18 /user/root/.Trash/Current/input
-rw-r--r--   3 root staff  915056640 2020-10-10 01:22 /user/root/.Trash/Current/input/hadoop-dis.tar
-rw-r--r--   3 root staff  915056640 2020-10-12 07:51 /user/root/.Trash/Current/input/hadoop-dis.tar1602489554685
-rw-r--r--   3 root staff  915056640 2020-10-12 08:13 /user/root/.Trash/Current/input/hadoop-dis.tar1602490723925


drwxr-xr-x   - root staff          0 2020-10-12 08:18 /input
drwx------   - root staff          0 2020-10-12 07:46 /user
drwx------   - root staff          0 2020-10-12 07:46 /user/root
drwx------   - root staff          0 2020-10-12 07:46 /user/root/.Trash
drwx------   - root staff          0 2020-10-12 07:46 /user/root/.Trash/Current
drwx------   - root staff          0 2020-10-12 08:18 /user/root/.Trash/Current/input
-rw-r--r--   3 root staff  915056640 2020-10-10 01:22 /user/root/.Trash/Current/input/hadoop-dis.tar
-rw-r--r--   3 root staff  915056640 2020-10-12 07:51 /user/root/.Trash/Current/input/hadoop-dis.tar1602489554685
-rw-r--r--   3 root staff  915056640 2020-10-12 08:13 /user/root/.Trash/Current/input/hadoop-dis.tar1602490723925

drwxr-xr-x   - root staff          0 2020-10-12 08:18 /input
drwx------   - root staff          0 2020-10-12 07:46 /user
drwx------   - root staff          0 2020-10-12 07:46 /user/root
drwx------   - root staff          0 2020-10-12 07:46 /user/root/.Trash
drwx------   - root staff          0 2020-10-12 07:46 /user/root/.Trash/Current
drwx------   - root staff          0 2020-10-12 08:18 /user/root/.Trash/Current/input
-rw-r--r--   3 root staff  915056640 2020-10-10 01:22 /user/root/.Trash/Current/input/hadoop-dis.tar
-rw-r--r--   3 root staff  915056640 2020-10-12 07:51 /user/root/.Trash/Current/input/hadoop-dis.tar1602489554685
-rw-r--r--   3 root staff  915056640 2020-10-12 08:13 /user/root/.Trash/Current/input/hadoop-dis.tar1602490723925

drwxr-xr-x   - root staff          0 2020-10-12 08:18 /input
drwx------   - root staff          0 2020-10-12 07:46 /user
drwx------   - root staff          0 2020-10-12 07:46 /user/root
drwx------   - root staff          0 2020-10-12 07:46 /user/root/.Trash
drwx------   - root staff          0 2020-10-12 07:46 /user/root/.Trash/Current
drwx------   - root staff          0 2020-10-12 08:18 /user/root/.Trash/Current/input
-rw-r--r--   3 root staff  915056640 2020-10-10 01:22 /user/root/.Trash/Current/input/hadoop-dis.tar
-rw-r--r--   3 root staff  915056640 2020-10-12 07:51 /user/root/.Trash/Current/input/hadoop-dis.tar1602489554685
-rw-r--r--   3 root staff  915056640 2020-10-12 08:13 /user/root/.Trash/Current/input/hadoop-dis.tar1602490723925

