current
in_use.lock
total 4.1M
-rw-r--r-- 1 root root 1.0M Oct 12 07:59 edits_inprogress_0000000000000000031
-rw-r--r-- 1 root root    3 Oct 12 07:35 seen_txid
-rw-r--r-- 1 root root  212 Oct 12 07:35 VERSION
-rw-r--r-- 1 root root   62 Oct 12 07:35 fsimage_0000000000000000030.md5
-rw-r--r-- 1 root root  668 Oct 12 07:35 fsimage_0000000000000000030
-rw-r--r-- 1 root root 1.0M Oct 11 02:45 edits_0000000000000000030-0000000000000000030
-rw-r--r-- 1 root root   62 Oct 11 02:45 fsimage_0000000000000000029.md5
-rw-r--r-- 1 root root  668 Oct 11 02:45 fsimage_0000000000000000029
-rw-r--r-- 1 root root 1.0M Oct 10 01:31 edits_0000000000000000029-0000000000000000029
-rw-r--r-- 1 root root   42 Oct 10 01:31 edits_0000000000000000027-0000000000000000028
-rw-r--r-- 1 root root 1.0M Oct 10 01:22 edits_0000000000000000001-0000000000000000026
current
total 1.1M
-rw-r--r-- 1 root root  212 Oct 10 01:32 VERSION
-rw-r--r-- 1 root root  668 Oct 10 01:32 fsimage_0000000000000000028
-rw-r--r-- 1 root root   62 Oct 10 01:32 fsimage_0000000000000000028.md5
-rw-r--r-- 1 root root   42 Oct 10 01:32 edits_0000000000000000027-0000000000000000028
-rw-r--r-- 1 root root 1.0M Oct 10 01:32 edits_0000000000000000001-0000000000000000026
-rw-r--r-- 1 root root   62 Oct 10 01:32 fsimage_0000000000000000000.md5
-rw-r--r-- 1 root root  394 Oct 10 01:32 fsimage_0000000000000000000

current
in_use.lock
total 4.1M
-rw-r--r-- 1 root root 1.0M Oct 12 08:13 edits_inprogress_0000000000000000031
-rw-r--r-- 1 root root    3 Oct 12 07:35 seen_txid
-rw-r--r-- 1 root root  212 Oct 12 07:35 VERSION
-rw-r--r-- 1 root root   62 Oct 12 07:35 fsimage_0000000000000000030.md5
-rw-r--r-- 1 root root  668 Oct 12 07:35 fsimage_0000000000000000030
-rw-r--r-- 1 root root 1.0M Oct 11 02:45 edits_0000000000000000030-0000000000000000030
-rw-r--r-- 1 root root   62 Oct 11 02:45 fsimage_0000000000000000029.md5
-rw-r--r-- 1 root root  668 Oct 11 02:45 fsimage_0000000000000000029
-rw-r--r-- 1 root root 1.0M Oct 10 01:31 edits_0000000000000000029-0000000000000000029
-rw-r--r-- 1 root root   42 Oct 10 01:31 edits_0000000000000000027-0000000000000000028
-rw-r--r-- 1 root root 1.0M Oct 10 01:22 edits_0000000000000000001-0000000000000000026
current
total 1.1M
-rw-r--r-- 1 root root  212 Oct 10 01:32 VERSION
-rw-r--r-- 1 root root  668 Oct 10 01:32 fsimage_0000000000000000028
-rw-r--r-- 1 root root   62 Oct 10 01:32 fsimage_0000000000000000028.md5
-rw-r--r-- 1 root root   42 Oct 10 01:32 edits_0000000000000000027-0000000000000000028
-rw-r--r-- 1 root root 1.0M Oct 10 01:32 edits_0000000000000000001-0000000000000000026
-rw-r--r-- 1 root root   62 Oct 10 01:32 fsimage_0000000000000000000.md5
-rw-r--r-- 1 root root  394 Oct 10 01:32 fsimage_0000000000000000000

current
in_use.lock
total 4.1M
-rw-r--r-- 1 root root 1.0M Oct 12 08:13 edits_inprogress_0000000000000000031
-rw-r--r-- 1 root root    3 Oct 12 07:35 seen_txid
-rw-r--r-- 1 root root  212 Oct 12 07:35 VERSION
-rw-r--r-- 1 root root   62 Oct 12 07:35 fsimage_0000000000000000030.md5
-rw-r--r-- 1 root root  668 Oct 12 07:35 fsimage_0000000000000000030
-rw-r--r-- 1 root root 1.0M Oct 11 02:45 edits_0000000000000000030-0000000000000000030
-rw-r--r-- 1 root root   62 Oct 11 02:45 fsimage_0000000000000000029.md5
-rw-r--r-- 1 root root  668 Oct 11 02:45 fsimage_0000000000000000029
-rw-r--r-- 1 root root 1.0M Oct 10 01:31 edits_0000000000000000029-0000000000000000029
-rw-r--r-- 1 root root   42 Oct 10 01:31 edits_0000000000000000027-0000000000000000028
-rw-r--r-- 1 root root 1.0M Oct 10 01:22 edits_0000000000000000001-0000000000000000026
current
total 1.1M
-rw-r--r-- 1 root root  212 Oct 10 01:32 VERSION
-rw-r--r-- 1 root root  668 Oct 10 01:32 fsimage_0000000000000000028
-rw-r--r-- 1 root root   62 Oct 10 01:32 fsimage_0000000000000000028.md5
-rw-r--r-- 1 root root   42 Oct 10 01:32 edits_0000000000000000027-0000000000000000028
-rw-r--r-- 1 root root 1.0M Oct 10 01:32 edits_0000000000000000001-0000000000000000026
-rw-r--r-- 1 root root   62 Oct 10 01:32 fsimage_0000000000000000000.md5
-rw-r--r-- 1 root root  394 Oct 10 01:32 fsimage_0000000000000000000

current
in_use.lock
total 4.1M
-rw-r--r-- 1 root root 1.0M Oct 12 08:13 edits_inprogress_0000000000000000031
-rw-r--r-- 1 root root    3 Oct 12 07:35 seen_txid
-rw-r--r-- 1 root root  212 Oct 12 07:35 VERSION
-rw-r--r-- 1 root root   62 Oct 12 07:35 fsimage_0000000000000000030.md5
-rw-r--r-- 1 root root  668 Oct 12 07:35 fsimage_0000000000000000030
-rw-r--r-- 1 root root 1.0M Oct 11 02:45 edits_0000000000000000030-0000000000000000030
-rw-r--r-- 1 root root   62 Oct 11 02:45 fsimage_0000000000000000029.md5
-rw-r--r-- 1 root root  668 Oct 11 02:45 fsimage_0000000000000000029
-rw-r--r-- 1 root root 1.0M Oct 10 01:31 edits_0000000000000000029-0000000000000000029
-rw-r--r-- 1 root root   42 Oct 10 01:31 edits_0000000000000000027-0000000000000000028
-rw-r--r-- 1 root root 1.0M Oct 10 01:22 edits_0000000000000000001-0000000000000000026
current
total 1.1M
-rw-r--r-- 1 root root  212 Oct 10 01:32 VERSION
-rw-r--r-- 1 root root  668 Oct 10 01:32 fsimage_0000000000000000028
-rw-r--r-- 1 root root   62 Oct 10 01:32 fsimage_0000000000000000028.md5
-rw-r--r-- 1 root root   42 Oct 10 01:32 edits_0000000000000000027-0000000000000000028
-rw-r--r-- 1 root root 1.0M Oct 10 01:32 edits_0000000000000000001-0000000000000000026
-rw-r--r-- 1 root root   62 Oct 10 01:32 fsimage_0000000000000000000.md5
-rw-r--r-- 1 root root  394 Oct 10 01:32 fsimage_0000000000000000000

current
in_use.lock
total 4.1M
-rw-r--r-- 1 root root 1.0M Oct 12 08:13 edits_inprogress_0000000000000000031
-rw-r--r-- 1 root root    3 Oct 12 07:35 seen_txid
-rw-r--r-- 1 root root  212 Oct 12 07:35 VERSION
-rw-r--r-- 1 root root   62 Oct 12 07:35 fsimage_0000000000000000030.md5
-rw-r--r-- 1 root root  668 Oct 12 07:35 fsimage_0000000000000000030
-rw-r--r-- 1 root root 1.0M Oct 11 02:45 edits_0000000000000000030-0000000000000000030
-rw-r--r-- 1 root root   62 Oct 11 02:45 fsimage_0000000000000000029.md5
-rw-r--r-- 1 root root  668 Oct 11 02:45 fsimage_0000000000000000029
-rw-r--r-- 1 root root 1.0M Oct 10 01:31 edits_0000000000000000029-0000000000000000029
-rw-r--r-- 1 root root   42 Oct 10 01:31 edits_0000000000000000027-0000000000000000028
-rw-r--r-- 1 root root 1.0M Oct 10 01:22 edits_0000000000000000001-0000000000000000026
current
total 1.1M
-rw-r--r-- 1 root root  212 Oct 10 01:32 VERSION
-rw-r--r-- 1 root root  668 Oct 10 01:32 fsimage_0000000000000000028
-rw-r--r-- 1 root root   62 Oct 10 01:32 fsimage_0000000000000000028.md5
-rw-r--r-- 1 root root   42 Oct 10 01:32 edits_0000000000000000027-0000000000000000028
-rw-r--r-- 1 root root 1.0M Oct 10 01:32 edits_0000000000000000001-0000000000000000026
-rw-r--r-- 1 root root   62 Oct 10 01:32 fsimage_0000000000000000000.md5
-rw-r--r-- 1 root root  394 Oct 10 01:32 fsimage_0000000000000000000

current
in_use.lock
total 4.1M
-rw-r--r-- 1 root root 1.0M Oct 12 08:13 edits_inprogress_0000000000000000031
-rw-r--r-- 1 root root    3 Oct 12 07:35 seen_txid
-rw-r--r-- 1 root root  212 Oct 12 07:35 VERSION
-rw-r--r-- 1 root root   62 Oct 12 07:35 fsimage_0000000000000000030.md5
-rw-r--r-- 1 root root  668 Oct 12 07:35 fsimage_0000000000000000030
-rw-r--r-- 1 root root 1.0M Oct 11 02:45 edits_0000000000000000030-0000000000000000030
-rw-r--r-- 1 root root   62 Oct 11 02:45 fsimage_0000000000000000029.md5
-rw-r--r-- 1 root root  668 Oct 11 02:45 fsimage_0000000000000000029
-rw-r--r-- 1 root root 1.0M Oct 10 01:31 edits_0000000000000000029-0000000000000000029
-rw-r--r-- 1 root root   42 Oct 10 01:31 edits_0000000000000000027-0000000000000000028
-rw-r--r-- 1 root root 1.0M Oct 10 01:22 edits_0000000000000000001-0000000000000000026
current
total 1.1M
-rw-r--r-- 1 root root  212 Oct 10 01:32 VERSION
-rw-r--r-- 1 root root  668 Oct 10 01:32 fsimage_0000000000000000028
-rw-r--r-- 1 root root   62 Oct 10 01:32 fsimage_0000000000000000028.md5
-rw-r--r-- 1 root root   42 Oct 10 01:32 edits_0000000000000000027-0000000000000000028
-rw-r--r-- 1 root root 1.0M Oct 10 01:32 edits_0000000000000000001-0000000000000000026
-rw-r--r-- 1 root root   62 Oct 10 01:32 fsimage_0000000000000000000.md5
-rw-r--r-- 1 root root  394 Oct 10 01:32 fsimage_0000000000000000000

current
in_use.lock
total 4.1M
-rw-r--r-- 1 root root 1.0M Oct 12 08:13 edits_inprogress_0000000000000000031
-rw-r--r-- 1 root root    3 Oct 12 07:35 seen_txid
-rw-r--r-- 1 root root  212 Oct 12 07:35 VERSION
-rw-r--r-- 1 root root   62 Oct 12 07:35 fsimage_0000000000000000030.md5
-rw-r--r-- 1 root root  668 Oct 12 07:35 fsimage_0000000000000000030
-rw-r--r-- 1 root root 1.0M Oct 11 02:45 edits_0000000000000000030-0000000000000000030
-rw-r--r-- 1 root root   62 Oct 11 02:45 fsimage_0000000000000000029.md5
-rw-r--r-- 1 root root  668 Oct 11 02:45 fsimage_0000000000000000029
-rw-r--r-- 1 root root 1.0M Oct 10 01:31 edits_0000000000000000029-0000000000000000029
-rw-r--r-- 1 root root   42 Oct 10 01:31 edits_0000000000000000027-0000000000000000028
-rw-r--r-- 1 root root 1.0M Oct 10 01:22 edits_0000000000000000001-0000000000000000026
current
total 1.1M
-rw-r--r-- 1 root root  212 Oct 10 01:32 VERSION
-rw-r--r-- 1 root root  668 Oct 10 01:32 fsimage_0000000000000000028
-rw-r--r-- 1 root root   62 Oct 10 01:32 fsimage_0000000000000000028.md5
-rw-r--r-- 1 root root   42 Oct 10 01:32 edits_0000000000000000027-0000000000000000028
-rw-r--r-- 1 root root 1.0M Oct 10 01:32 edits_0000000000000000001-0000000000000000026
-rw-r--r-- 1 root root   62 Oct 10 01:32 fsimage_0000000000000000000.md5
-rw-r--r-- 1 root root  394 Oct 10 01:32 fsimage_0000000000000000000

current
in_use.lock
total 4.1M
-rw-r--r-- 1 root root 1.0M Oct 12 08:13 edits_inprogress_0000000000000000031
-rw-r--r-- 1 root root    3 Oct 12 07:35 seen_txid
-rw-r--r-- 1 root root  212 Oct 12 07:35 VERSION
-rw-r--r-- 1 root root   62 Oct 12 07:35 fsimage_0000000000000000030.md5
-rw-r--r-- 1 root root  668 Oct 12 07:35 fsimage_0000000000000000030
-rw-r--r-- 1 root root 1.0M Oct 11 02:45 edits_0000000000000000030-0000000000000000030
-rw-r--r-- 1 root root   62 Oct 11 02:45 fsimage_0000000000000000029.md5
-rw-r--r-- 1 root root  668 Oct 11 02:45 fsimage_0000000000000000029
-rw-r--r-- 1 root root 1.0M Oct 10 01:31 edits_0000000000000000029-0000000000000000029
-rw-r--r-- 1 root root   42 Oct 10 01:31 edits_0000000000000000027-0000000000000000028
-rw-r--r-- 1 root root 1.0M Oct 10 01:22 edits_0000000000000000001-0000000000000000026
current
total 1.1M
-rw-r--r-- 1 root root  212 Oct 10 01:32 VERSION
-rw-r--r-- 1 root root  668 Oct 10 01:32 fsimage_0000000000000000028
-rw-r--r-- 1 root root   62 Oct 10 01:32 fsimage_0000000000000000028.md5
-rw-r--r-- 1 root root   42 Oct 10 01:32 edits_0000000000000000027-0000000000000000028
-rw-r--r-- 1 root root 1.0M Oct 10 01:32 edits_0000000000000000001-0000000000000000026
-rw-r--r-- 1 root root   62 Oct 10 01:32 fsimage_0000000000000000000.md5
-rw-r--r-- 1 root root  394 Oct 10 01:32 fsimage_0000000000000000000

current
in_use.lock
total 4.1M
-rw-r--r-- 1 root root 1.0M Oct 12 08:13 edits_inprogress_0000000000000000031
-rw-r--r-- 1 root root    3 Oct 12 07:35 seen_txid
-rw-r--r-- 1 root root  212 Oct 12 07:35 VERSION
-rw-r--r-- 1 root root   62 Oct 12 07:35 fsimage_0000000000000000030.md5
-rw-r--r-- 1 root root  668 Oct 12 07:35 fsimage_0000000000000000030
-rw-r--r-- 1 root root 1.0M Oct 11 02:45 edits_0000000000000000030-0000000000000000030
-rw-r--r-- 1 root root   62 Oct 11 02:45 fsimage_0000000000000000029.md5
-rw-r--r-- 1 root root  668 Oct 11 02:45 fsimage_0000000000000000029
-rw-r--r-- 1 root root 1.0M Oct 10 01:31 edits_0000000000000000029-0000000000000000029
-rw-r--r-- 1 root root   42 Oct 10 01:31 edits_0000000000000000027-0000000000000000028
-rw-r--r-- 1 root root 1.0M Oct 10 01:22 edits_0000000000000000001-0000000000000000026
current
total 1.1M
-rw-r--r-- 1 root root  212 Oct 10 01:32 VERSION
-rw-r--r-- 1 root root  668 Oct 10 01:32 fsimage_0000000000000000028
-rw-r--r-- 1 root root   62 Oct 10 01:32 fsimage_0000000000000000028.md5
-rw-r--r-- 1 root root   42 Oct 10 01:32 edits_0000000000000000027-0000000000000000028
-rw-r--r-- 1 root root 1.0M Oct 10 01:32 edits_0000000000000000001-0000000000000000026
-rw-r--r-- 1 root root   62 Oct 10 01:32 fsimage_0000000000000000000.md5
-rw-r--r-- 1 root root  394 Oct 10 01:32 fsimage_0000000000000000000

current
in_use.lock
total 4.1M
-rw-r--r-- 1 root root 1.0M Oct 12 08:13 edits_inprogress_0000000000000000031
-rw-r--r-- 1 root root    3 Oct 12 07:35 seen_txid
-rw-r--r-- 1 root root  212 Oct 12 07:35 VERSION
-rw-r--r-- 1 root root   62 Oct 12 07:35 fsimage_0000000000000000030.md5
-rw-r--r-- 1 root root  668 Oct 12 07:35 fsimage_0000000000000000030
-rw-r--r-- 1 root root 1.0M Oct 11 02:45 edits_0000000000000000030-0000000000000000030
-rw-r--r-- 1 root root   62 Oct 11 02:45 fsimage_0000000000000000029.md5
-rw-r--r-- 1 root root  668 Oct 11 02:45 fsimage_0000000000000000029
-rw-r--r-- 1 root root 1.0M Oct 10 01:31 edits_0000000000000000029-0000000000000000029
-rw-r--r-- 1 root root   42 Oct 10 01:31 edits_0000000000000000027-0000000000000000028
-rw-r--r-- 1 root root 1.0M Oct 10 01:22 edits_0000000000000000001-0000000000000000026
current
total 1.1M
-rw-r--r-- 1 root root  212 Oct 10 01:32 VERSION
-rw-r--r-- 1 root root  668 Oct 10 01:32 fsimage_0000000000000000028
-rw-r--r-- 1 root root   62 Oct 10 01:32 fsimage_0000000000000000028.md5
-rw-r--r-- 1 root root   42 Oct 10 01:32 edits_0000000000000000027-0000000000000000028
-rw-r--r-- 1 root root 1.0M Oct 10 01:32 edits_0000000000000000001-0000000000000000026
-rw-r--r-- 1 root root   62 Oct 10 01:32 fsimage_0000000000000000000.md5
-rw-r--r-- 1 root root  394 Oct 10 01:32 fsimage_0000000000000000000

current
in_use.lock
total 4.1M
-rw-r--r-- 1 root root 1.0M Oct 12 08:13 edits_inprogress_0000000000000000031
-rw-r--r-- 1 root root    3 Oct 12 07:35 seen_txid
-rw-r--r-- 1 root root  212 Oct 12 07:35 VERSION
-rw-r--r-- 1 root root   62 Oct 12 07:35 fsimage_0000000000000000030.md5
-rw-r--r-- 1 root root  668 Oct 12 07:35 fsimage_0000000000000000030
-rw-r--r-- 1 root root 1.0M Oct 11 02:45 edits_0000000000000000030-0000000000000000030
-rw-r--r-- 1 root root   62 Oct 11 02:45 fsimage_0000000000000000029.md5
-rw-r--r-- 1 root root  668 Oct 11 02:45 fsimage_0000000000000000029
-rw-r--r-- 1 root root 1.0M Oct 10 01:31 edits_0000000000000000029-0000000000000000029
-rw-r--r-- 1 root root   42 Oct 10 01:31 edits_0000000000000000027-0000000000000000028
-rw-r--r-- 1 root root 1.0M Oct 10 01:22 edits_0000000000000000001-0000000000000000026
current
total 1.1M
-rw-r--r-- 1 root root  212 Oct 10 01:32 VERSION
-rw-r--r-- 1 root root  668 Oct 10 01:32 fsimage_0000000000000000028
-rw-r--r-- 1 root root   62 Oct 10 01:32 fsimage_0000000000000000028.md5
-rw-r--r-- 1 root root   42 Oct 10 01:32 edits_0000000000000000027-0000000000000000028
-rw-r--r-- 1 root root 1.0M Oct 10 01:32 edits_0000000000000000001-0000000000000000026
-rw-r--r-- 1 root root   62 Oct 10 01:32 fsimage_0000000000000000000.md5
-rw-r--r-- 1 root root  394 Oct 10 01:32 fsimage_0000000000000000000

current
in_use.lock
total 4.1M
-rw-r--r-- 1 root root 1.0M Oct 12 08:13 edits_inprogress_0000000000000000031
-rw-r--r-- 1 root root    3 Oct 12 07:35 seen_txid
-rw-r--r-- 1 root root  212 Oct 12 07:35 VERSION
-rw-r--r-- 1 root root   62 Oct 12 07:35 fsimage_0000000000000000030.md5
-rw-r--r-- 1 root root  668 Oct 12 07:35 fsimage_0000000000000000030
-rw-r--r-- 1 root root 1.0M Oct 11 02:45 edits_0000000000000000030-0000000000000000030
-rw-r--r-- 1 root root   62 Oct 11 02:45 fsimage_0000000000000000029.md5
-rw-r--r-- 1 root root  668 Oct 11 02:45 fsimage_0000000000000000029
-rw-r--r-- 1 root root 1.0M Oct 10 01:31 edits_0000000000000000029-0000000000000000029
-rw-r--r-- 1 root root   42 Oct 10 01:31 edits_0000000000000000027-0000000000000000028
-rw-r--r-- 1 root root 1.0M Oct 10 01:22 edits_0000000000000000001-0000000000000000026
current
total 1.1M
-rw-r--r-- 1 root root  212 Oct 10 01:32 VERSION
-rw-r--r-- 1 root root  668 Oct 10 01:32 fsimage_0000000000000000028
-rw-r--r-- 1 root root   62 Oct 10 01:32 fsimage_0000000000000000028.md5
-rw-r--r-- 1 root root   42 Oct 10 01:32 edits_0000000000000000027-0000000000000000028
-rw-r--r-- 1 root root 1.0M Oct 10 01:32 edits_0000000000000000001-0000000000000000026
-rw-r--r-- 1 root root   62 Oct 10 01:32 fsimage_0000000000000000000.md5
-rw-r--r-- 1 root root  394 Oct 10 01:32 fsimage_0000000000000000000

current
in_use.lock
total 4.1M
-rw-r--r-- 1 root root 1.0M Oct 12 08:13 edits_inprogress_0000000000000000031
-rw-r--r-- 1 root root    3 Oct 12 07:35 seen_txid
-rw-r--r-- 1 root root  212 Oct 12 07:35 VERSION
-rw-r--r-- 1 root root   62 Oct 12 07:35 fsimage_0000000000000000030.md5
-rw-r--r-- 1 root root  668 Oct 12 07:35 fsimage_0000000000000000030
-rw-r--r-- 1 root root 1.0M Oct 11 02:45 edits_0000000000000000030-0000000000000000030
-rw-r--r-- 1 root root   62 Oct 11 02:45 fsimage_0000000000000000029.md5
-rw-r--r-- 1 root root  668 Oct 11 02:45 fsimage_0000000000000000029
-rw-r--r-- 1 root root 1.0M Oct 10 01:31 edits_0000000000000000029-0000000000000000029
-rw-r--r-- 1 root root   42 Oct 10 01:31 edits_0000000000000000027-0000000000000000028
-rw-r--r-- 1 root root 1.0M Oct 10 01:22 edits_0000000000000000001-0000000000000000026
current
total 1.1M
-rw-r--r-- 1 root root  212 Oct 10 01:32 VERSION
-rw-r--r-- 1 root root  668 Oct 10 01:32 fsimage_0000000000000000028
-rw-r--r-- 1 root root   62 Oct 10 01:32 fsimage_0000000000000000028.md5
-rw-r--r-- 1 root root   42 Oct 10 01:32 edits_0000000000000000027-0000000000000000028
-rw-r--r-- 1 root root 1.0M Oct 10 01:32 edits_0000000000000000001-0000000000000000026
-rw-r--r-- 1 root root   62 Oct 10 01:32 fsimage_0000000000000000000.md5
-rw-r--r-- 1 root root  394 Oct 10 01:32 fsimage_0000000000000000000

current
in_use.lock
total 4.1M
-rw-r--r-- 1 root root 1.0M Oct 12 08:13 edits_inprogress_0000000000000000031
-rw-r--r-- 1 root root    3 Oct 12 07:35 seen_txid
-rw-r--r-- 1 root root  212 Oct 12 07:35 VERSION
-rw-r--r-- 1 root root   62 Oct 12 07:35 fsimage_0000000000000000030.md5
-rw-r--r-- 1 root root  668 Oct 12 07:35 fsimage_0000000000000000030
-rw-r--r-- 1 root root 1.0M Oct 11 02:45 edits_0000000000000000030-0000000000000000030
-rw-r--r-- 1 root root   62 Oct 11 02:45 fsimage_0000000000000000029.md5
-rw-r--r-- 1 root root  668 Oct 11 02:45 fsimage_0000000000000000029
-rw-r--r-- 1 root root 1.0M Oct 10 01:31 edits_0000000000000000029-0000000000000000029
-rw-r--r-- 1 root root   42 Oct 10 01:31 edits_0000000000000000027-0000000000000000028
-rw-r--r-- 1 root root 1.0M Oct 10 01:22 edits_0000000000000000001-0000000000000000026
current
total 1.1M
-rw-r--r-- 1 root root  212 Oct 10 01:32 VERSION
-rw-r--r-- 1 root root  668 Oct 10 01:32 fsimage_0000000000000000028
-rw-r--r-- 1 root root   62 Oct 10 01:32 fsimage_0000000000000000028.md5
-rw-r--r-- 1 root root   42 Oct 10 01:32 edits_0000000000000000027-0000000000000000028
-rw-r--r-- 1 root root 1.0M Oct 10 01:32 edits_0000000000000000001-0000000000000000026
-rw-r--r-- 1 root root   62 Oct 10 01:32 fsimage_0000000000000000000.md5
-rw-r--r-- 1 root root  394 Oct 10 01:32 fsimage_0000000000000000000

current
in_use.lock
total 4.1M
-rw-r--r-- 1 root root 1.0M Oct 12 08:13 edits_inprogress_0000000000000000031
-rw-r--r-- 1 root root    3 Oct 12 07:35 seen_txid
-rw-r--r-- 1 root root  212 Oct 12 07:35 VERSION
-rw-r--r-- 1 root root   62 Oct 12 07:35 fsimage_0000000000000000030.md5
-rw-r--r-- 1 root root  668 Oct 12 07:35 fsimage_0000000000000000030
-rw-r--r-- 1 root root 1.0M Oct 11 02:45 edits_0000000000000000030-0000000000000000030
-rw-r--r-- 1 root root   62 Oct 11 02:45 fsimage_0000000000000000029.md5
-rw-r--r-- 1 root root  668 Oct 11 02:45 fsimage_0000000000000000029
-rw-r--r-- 1 root root 1.0M Oct 10 01:31 edits_0000000000000000029-0000000000000000029
-rw-r--r-- 1 root root   42 Oct 10 01:31 edits_0000000000000000027-0000000000000000028
-rw-r--r-- 1 root root 1.0M Oct 10 01:22 edits_0000000000000000001-0000000000000000026
current
total 1.1M
-rw-r--r-- 1 root root  212 Oct 10 01:32 VERSION
-rw-r--r-- 1 root root  668 Oct 10 01:32 fsimage_0000000000000000028
-rw-r--r-- 1 root root   62 Oct 10 01:32 fsimage_0000000000000000028.md5
-rw-r--r-- 1 root root   42 Oct 10 01:32 edits_0000000000000000027-0000000000000000028
-rw-r--r-- 1 root root 1.0M Oct 10 01:32 edits_0000000000000000001-0000000000000000026
-rw-r--r-- 1 root root   62 Oct 10 01:32 fsimage_0000000000000000000.md5
-rw-r--r-- 1 root root  394 Oct 10 01:32 fsimage_0000000000000000000

current
in_use.lock
total 4.1M
-rw-r--r-- 1 root root 1.0M Oct 12 08:13 edits_inprogress_0000000000000000031
-rw-r--r-- 1 root root    3 Oct 12 07:35 seen_txid
-rw-r--r-- 1 root root  212 Oct 12 07:35 VERSION
-rw-r--r-- 1 root root   62 Oct 12 07:35 fsimage_0000000000000000030.md5
-rw-r--r-- 1 root root  668 Oct 12 07:35 fsimage_0000000000000000030
-rw-r--r-- 1 root root 1.0M Oct 11 02:45 edits_0000000000000000030-0000000000000000030
-rw-r--r-- 1 root root   62 Oct 11 02:45 fsimage_0000000000000000029.md5
-rw-r--r-- 1 root root  668 Oct 11 02:45 fsimage_0000000000000000029
-rw-r--r-- 1 root root 1.0M Oct 10 01:31 edits_0000000000000000029-0000000000000000029
-rw-r--r-- 1 root root   42 Oct 10 01:31 edits_0000000000000000027-0000000000000000028
-rw-r--r-- 1 root root 1.0M Oct 10 01:22 edits_0000000000000000001-0000000000000000026
current
total 1.1M
-rw-r--r-- 1 root root  212 Oct 10 01:32 VERSION
-rw-r--r-- 1 root root  668 Oct 10 01:32 fsimage_0000000000000000028
-rw-r--r-- 1 root root   62 Oct 10 01:32 fsimage_0000000000000000028.md5
-rw-r--r-- 1 root root   42 Oct 10 01:32 edits_0000000000000000027-0000000000000000028
-rw-r--r-- 1 root root 1.0M Oct 10 01:32 edits_0000000000000000001-0000000000000000026
-rw-r--r-- 1 root root   62 Oct 10 01:32 fsimage_0000000000000000000.md5
-rw-r--r-- 1 root root  394 Oct 10 01:32 fsimage_0000000000000000000

current
in_use.lock
total 4.1M
-rw-r--r-- 1 root root 1.0M Oct 12 08:13 edits_inprogress_0000000000000000031
-rw-r--r-- 1 root root    3 Oct 12 07:35 seen_txid
-rw-r--r-- 1 root root  212 Oct 12 07:35 VERSION
-rw-r--r-- 1 root root   62 Oct 12 07:35 fsimage_0000000000000000030.md5
-rw-r--r-- 1 root root  668 Oct 12 07:35 fsimage_0000000000000000030
-rw-r--r-- 1 root root 1.0M Oct 11 02:45 edits_0000000000000000030-0000000000000000030
-rw-r--r-- 1 root root   62 Oct 11 02:45 fsimage_0000000000000000029.md5
-rw-r--r-- 1 root root  668 Oct 11 02:45 fsimage_0000000000000000029
-rw-r--r-- 1 root root 1.0M Oct 10 01:31 edits_0000000000000000029-0000000000000000029
-rw-r--r-- 1 root root   42 Oct 10 01:31 edits_0000000000000000027-0000000000000000028
-rw-r--r-- 1 root root 1.0M Oct 10 01:22 edits_0000000000000000001-0000000000000000026
current
total 1.1M
-rw-r--r-- 1 root root  212 Oct 10 01:32 VERSION
-rw-r--r-- 1 root root  668 Oct 10 01:32 fsimage_0000000000000000028
-rw-r--r-- 1 root root   62 Oct 10 01:32 fsimage_0000000000000000028.md5
-rw-r--r-- 1 root root   42 Oct 10 01:32 edits_0000000000000000027-0000000000000000028
-rw-r--r-- 1 root root 1.0M Oct 10 01:32 edits_0000000000000000001-0000000000000000026
-rw-r--r-- 1 root root   62 Oct 10 01:32 fsimage_0000000000000000000.md5
-rw-r--r-- 1 root root  394 Oct 10 01:32 fsimage_0000000000000000000

current
in_use.lock
total 4.1M
-rw-r--r-- 1 root root 1.0M Oct 12 08:13 edits_inprogress_0000000000000000031
-rw-r--r-- 1 root root    3 Oct 12 07:35 seen_txid
-rw-r--r-- 1 root root  212 Oct 12 07:35 VERSION
-rw-r--r-- 1 root root   62 Oct 12 07:35 fsimage_0000000000000000030.md5
-rw-r--r-- 1 root root  668 Oct 12 07:35 fsimage_0000000000000000030
-rw-r--r-- 1 root root 1.0M Oct 11 02:45 edits_0000000000000000030-0000000000000000030
-rw-r--r-- 1 root root   62 Oct 11 02:45 fsimage_0000000000000000029.md5
-rw-r--r-- 1 root root  668 Oct 11 02:45 fsimage_0000000000000000029
-rw-r--r-- 1 root root 1.0M Oct 10 01:31 edits_0000000000000000029-0000000000000000029
-rw-r--r-- 1 root root   42 Oct 10 01:31 edits_0000000000000000027-0000000000000000028
-rw-r--r-- 1 root root 1.0M Oct 10 01:22 edits_0000000000000000001-0000000000000000026
current
total 1.1M
-rw-r--r-- 1 root root  212 Oct 10 01:32 VERSION
-rw-r--r-- 1 root root  668 Oct 10 01:32 fsimage_0000000000000000028
-rw-r--r-- 1 root root   62 Oct 10 01:32 fsimage_0000000000000000028.md5
-rw-r--r-- 1 root root   42 Oct 10 01:32 edits_0000000000000000027-0000000000000000028
-rw-r--r-- 1 root root 1.0M Oct 10 01:32 edits_0000000000000000001-0000000000000000026
-rw-r--r-- 1 root root   62 Oct 10 01:32 fsimage_0000000000000000000.md5
-rw-r--r-- 1 root root  394 Oct 10 01:32 fsimage_0000000000000000000

current
in_use.lock
total 4.1M
-rw-r--r-- 1 root root 1.0M Oct 12 08:13 edits_inprogress_0000000000000000031
-rw-r--r-- 1 root root    3 Oct 12 07:35 seen_txid
-rw-r--r-- 1 root root  212 Oct 12 07:35 VERSION
-rw-r--r-- 1 root root   62 Oct 12 07:35 fsimage_0000000000000000030.md5
-rw-r--r-- 1 root root  668 Oct 12 07:35 fsimage_0000000000000000030
-rw-r--r-- 1 root root 1.0M Oct 11 02:45 edits_0000000000000000030-0000000000000000030
-rw-r--r-- 1 root root   62 Oct 11 02:45 fsimage_0000000000000000029.md5
-rw-r--r-- 1 root root  668 Oct 11 02:45 fsimage_0000000000000000029
-rw-r--r-- 1 root root 1.0M Oct 10 01:31 edits_0000000000000000029-0000000000000000029
-rw-r--r-- 1 root root   42 Oct 10 01:31 edits_0000000000000000027-0000000000000000028
-rw-r--r-- 1 root root 1.0M Oct 10 01:22 edits_0000000000000000001-0000000000000000026
current
total 1.1M
-rw-r--r-- 1 root root  212 Oct 10 01:32 VERSION
-rw-r--r-- 1 root root  668 Oct 10 01:32 fsimage_0000000000000000028
-rw-r--r-- 1 root root   62 Oct 10 01:32 fsimage_0000000000000000028.md5
-rw-r--r-- 1 root root   42 Oct 10 01:32 edits_0000000000000000027-0000000000000000028
-rw-r--r-- 1 root root 1.0M Oct 10 01:32 edits_0000000000000000001-0000000000000000026
-rw-r--r-- 1 root root   62 Oct 10 01:32 fsimage_0000000000000000000.md5
-rw-r--r-- 1 root root  394 Oct 10 01:32 fsimage_0000000000000000000

current
in_use.lock
total 4.1M
-rw-r--r-- 1 root root 1.0M Oct 12 08:13 edits_inprogress_0000000000000000031
-rw-r--r-- 1 root root    3 Oct 12 07:35 seen_txid
-rw-r--r-- 1 root root  212 Oct 12 07:35 VERSION
-rw-r--r-- 1 root root   62 Oct 12 07:35 fsimage_0000000000000000030.md5
-rw-r--r-- 1 root root  668 Oct 12 07:35 fsimage_0000000000000000030
-rw-r--r-- 1 root root 1.0M Oct 11 02:45 edits_0000000000000000030-0000000000000000030
-rw-r--r-- 1 root root   62 Oct 11 02:45 fsimage_0000000000000000029.md5
-rw-r--r-- 1 root root  668 Oct 11 02:45 fsimage_0000000000000000029
-rw-r--r-- 1 root root 1.0M Oct 10 01:31 edits_0000000000000000029-0000000000000000029
-rw-r--r-- 1 root root   42 Oct 10 01:31 edits_0000000000000000027-0000000000000000028
-rw-r--r-- 1 root root 1.0M Oct 10 01:22 edits_0000000000000000001-0000000000000000026
current
total 1.1M
-rw-r--r-- 1 root root  212 Oct 10 01:32 VERSION
-rw-r--r-- 1 root root  668 Oct 10 01:32 fsimage_0000000000000000028
-rw-r--r-- 1 root root   62 Oct 10 01:32 fsimage_0000000000000000028.md5
-rw-r--r-- 1 root root   42 Oct 10 01:32 edits_0000000000000000027-0000000000000000028
-rw-r--r-- 1 root root 1.0M Oct 10 01:32 edits_0000000000000000001-0000000000000000026
-rw-r--r-- 1 root root   62 Oct 10 01:32 fsimage_0000000000000000000.md5
-rw-r--r-- 1 root root  394 Oct 10 01:32 fsimage_0000000000000000000

current
in_use.lock
total 4.1M
-rw-r--r-- 1 root root 1.0M Oct 12 08:13 edits_inprogress_0000000000000000031
-rw-r--r-- 1 root root    3 Oct 12 07:35 seen_txid
-rw-r--r-- 1 root root  212 Oct 12 07:35 VERSION
-rw-r--r-- 1 root root   62 Oct 12 07:35 fsimage_0000000000000000030.md5
-rw-r--r-- 1 root root  668 Oct 12 07:35 fsimage_0000000000000000030
-rw-r--r-- 1 root root 1.0M Oct 11 02:45 edits_0000000000000000030-0000000000000000030
-rw-r--r-- 1 root root   62 Oct 11 02:45 fsimage_0000000000000000029.md5
-rw-r--r-- 1 root root  668 Oct 11 02:45 fsimage_0000000000000000029
-rw-r--r-- 1 root root 1.0M Oct 10 01:31 edits_0000000000000000029-0000000000000000029
-rw-r--r-- 1 root root   42 Oct 10 01:31 edits_0000000000000000027-0000000000000000028
-rw-r--r-- 1 root root 1.0M Oct 10 01:22 edits_0000000000000000001-0000000000000000026
current
total 1.1M
-rw-r--r-- 1 root root  212 Oct 10 01:32 VERSION
-rw-r--r-- 1 root root  668 Oct 10 01:32 fsimage_0000000000000000028
-rw-r--r-- 1 root root   62 Oct 10 01:32 fsimage_0000000000000000028.md5
-rw-r--r-- 1 root root   42 Oct 10 01:32 edits_0000000000000000027-0000000000000000028
-rw-r--r-- 1 root root 1.0M Oct 10 01:32 edits_0000000000000000001-0000000000000000026
-rw-r--r-- 1 root root   62 Oct 10 01:32 fsimage_0000000000000000000.md5
-rw-r--r-- 1 root root  394 Oct 10 01:32 fsimage_0000000000000000000

current
in_use.lock
total 4.1M
-rw-r--r-- 1 root root 1.0M Oct 12 08:13 edits_inprogress_0000000000000000031
-rw-r--r-- 1 root root    3 Oct 12 07:35 seen_txid
-rw-r--r-- 1 root root  212 Oct 12 07:35 VERSION
-rw-r--r-- 1 root root   62 Oct 12 07:35 fsimage_0000000000000000030.md5
-rw-r--r-- 1 root root  668 Oct 12 07:35 fsimage_0000000000000000030
-rw-r--r-- 1 root root 1.0M Oct 11 02:45 edits_0000000000000000030-0000000000000000030
-rw-r--r-- 1 root root   62 Oct 11 02:45 fsimage_0000000000000000029.md5
-rw-r--r-- 1 root root  668 Oct 11 02:45 fsimage_0000000000000000029
-rw-r--r-- 1 root root 1.0M Oct 10 01:31 edits_0000000000000000029-0000000000000000029
-rw-r--r-- 1 root root   42 Oct 10 01:31 edits_0000000000000000027-0000000000000000028
-rw-r--r-- 1 root root 1.0M Oct 10 01:22 edits_0000000000000000001-0000000000000000026
current
total 1.1M
-rw-r--r-- 1 root root  212 Oct 10 01:32 VERSION
-rw-r--r-- 1 root root  668 Oct 10 01:32 fsimage_0000000000000000028
-rw-r--r-- 1 root root   62 Oct 10 01:32 fsimage_0000000000000000028.md5
-rw-r--r-- 1 root root   42 Oct 10 01:32 edits_0000000000000000027-0000000000000000028
-rw-r--r-- 1 root root 1.0M Oct 10 01:32 edits_0000000000000000001-0000000000000000026
-rw-r--r-- 1 root root   62 Oct 10 01:32 fsimage_0000000000000000000.md5
-rw-r--r-- 1 root root  394 Oct 10 01:32 fsimage_0000000000000000000

current
in_use.lock
total 4.1M
-rw-r--r-- 1 root root 1.0M Oct 12 08:13 edits_inprogress_0000000000000000031
-rw-r--r-- 1 root root    3 Oct 12 07:35 seen_txid
-rw-r--r-- 1 root root  212 Oct 12 07:35 VERSION
-rw-r--r-- 1 root root   62 Oct 12 07:35 fsimage_0000000000000000030.md5
-rw-r--r-- 1 root root  668 Oct 12 07:35 fsimage_0000000000000000030
-rw-r--r-- 1 root root 1.0M Oct 11 02:45 edits_0000000000000000030-0000000000000000030
-rw-r--r-- 1 root root   62 Oct 11 02:45 fsimage_0000000000000000029.md5
-rw-r--r-- 1 root root  668 Oct 11 02:45 fsimage_0000000000000000029
-rw-r--r-- 1 root root 1.0M Oct 10 01:31 edits_0000000000000000029-0000000000000000029
-rw-r--r-- 1 root root   42 Oct 10 01:31 edits_0000000000000000027-0000000000000000028
-rw-r--r-- 1 root root 1.0M Oct 10 01:22 edits_0000000000000000001-0000000000000000026
current
total 1.1M
-rw-r--r-- 1 root root  212 Oct 10 01:32 VERSION
-rw-r--r-- 1 root root  668 Oct 10 01:32 fsimage_0000000000000000028
-rw-r--r-- 1 root root   62 Oct 10 01:32 fsimage_0000000000000000028.md5
-rw-r--r-- 1 root root   42 Oct 10 01:32 edits_0000000000000000027-0000000000000000028
-rw-r--r-- 1 root root 1.0M Oct 10 01:32 edits_0000000000000000001-0000000000000000026
-rw-r--r-- 1 root root   62 Oct 10 01:32 fsimage_0000000000000000000.md5
-rw-r--r-- 1 root root  394 Oct 10 01:32 fsimage_0000000000000000000

current
in_use.lock
total 4.1M
-rw-r--r-- 1 root root 1.0M Oct 12 08:13 edits_inprogress_0000000000000000031
-rw-r--r-- 1 root root    3 Oct 12 07:35 seen_txid
-rw-r--r-- 1 root root  212 Oct 12 07:35 VERSION
-rw-r--r-- 1 root root   62 Oct 12 07:35 fsimage_0000000000000000030.md5
-rw-r--r-- 1 root root  668 Oct 12 07:35 fsimage_0000000000000000030
-rw-r--r-- 1 root root 1.0M Oct 11 02:45 edits_0000000000000000030-0000000000000000030
-rw-r--r-- 1 root root   62 Oct 11 02:45 fsimage_0000000000000000029.md5
-rw-r--r-- 1 root root  668 Oct 11 02:45 fsimage_0000000000000000029
-rw-r--r-- 1 root root 1.0M Oct 10 01:31 edits_0000000000000000029-0000000000000000029
-rw-r--r-- 1 root root   42 Oct 10 01:31 edits_0000000000000000027-0000000000000000028
-rw-r--r-- 1 root root 1.0M Oct 10 01:22 edits_0000000000000000001-0000000000000000026
current
total 1.1M
-rw-r--r-- 1 root root  212 Oct 10 01:32 VERSION
-rw-r--r-- 1 root root  668 Oct 10 01:32 fsimage_0000000000000000028
-rw-r--r-- 1 root root   62 Oct 10 01:32 fsimage_0000000000000000028.md5
-rw-r--r-- 1 root root   42 Oct 10 01:32 edits_0000000000000000027-0000000000000000028
-rw-r--r-- 1 root root 1.0M Oct 10 01:32 edits_0000000000000000001-0000000000000000026
-rw-r--r-- 1 root root   62 Oct 10 01:32 fsimage_0000000000000000000.md5
-rw-r--r-- 1 root root  394 Oct 10 01:32 fsimage_0000000000000000000

current
in_use.lock
total 4.1M
-rw-r--r-- 1 root root 1.0M Oct 12 08:13 edits_inprogress_0000000000000000031
-rw-r--r-- 1 root root    3 Oct 12 07:35 seen_txid
-rw-r--r-- 1 root root  212 Oct 12 07:35 VERSION
-rw-r--r-- 1 root root   62 Oct 12 07:35 fsimage_0000000000000000030.md5
-rw-r--r-- 1 root root  668 Oct 12 07:35 fsimage_0000000000000000030
-rw-r--r-- 1 root root 1.0M Oct 11 02:45 edits_0000000000000000030-0000000000000000030
-rw-r--r-- 1 root root   62 Oct 11 02:45 fsimage_0000000000000000029.md5
-rw-r--r-- 1 root root  668 Oct 11 02:45 fsimage_0000000000000000029
-rw-r--r-- 1 root root 1.0M Oct 10 01:31 edits_0000000000000000029-0000000000000000029
-rw-r--r-- 1 root root   42 Oct 10 01:31 edits_0000000000000000027-0000000000000000028
-rw-r--r-- 1 root root 1.0M Oct 10 01:22 edits_0000000000000000001-0000000000000000026
current
total 1.1M
-rw-r--r-- 1 root root  212 Oct 10 01:32 VERSION
-rw-r--r-- 1 root root  668 Oct 10 01:32 fsimage_0000000000000000028
-rw-r--r-- 1 root root   62 Oct 10 01:32 fsimage_0000000000000000028.md5
-rw-r--r-- 1 root root   42 Oct 10 01:32 edits_0000000000000000027-0000000000000000028
-rw-r--r-- 1 root root 1.0M Oct 10 01:32 edits_0000000000000000001-0000000000000000026
-rw-r--r-- 1 root root   62 Oct 10 01:32 fsimage_0000000000000000000.md5
-rw-r--r-- 1 root root  394 Oct 10 01:32 fsimage_0000000000000000000

current
in_use.lock
total 4.1M
-rw-r--r-- 1 root root 1.0M Oct 12 08:13 edits_inprogress_0000000000000000031
-rw-r--r-- 1 root root    3 Oct 12 07:35 seen_txid
-rw-r--r-- 1 root root  212 Oct 12 07:35 VERSION
-rw-r--r-- 1 root root   62 Oct 12 07:35 fsimage_0000000000000000030.md5
-rw-r--r-- 1 root root  668 Oct 12 07:35 fsimage_0000000000000000030
-rw-r--r-- 1 root root 1.0M Oct 11 02:45 edits_0000000000000000030-0000000000000000030
-rw-r--r-- 1 root root   62 Oct 11 02:45 fsimage_0000000000000000029.md5
-rw-r--r-- 1 root root  668 Oct 11 02:45 fsimage_0000000000000000029
-rw-r--r-- 1 root root 1.0M Oct 10 01:31 edits_0000000000000000029-0000000000000000029
-rw-r--r-- 1 root root   42 Oct 10 01:31 edits_0000000000000000027-0000000000000000028
-rw-r--r-- 1 root root 1.0M Oct 10 01:22 edits_0000000000000000001-0000000000000000026
current
total 1.1M
-rw-r--r-- 1 root root  212 Oct 10 01:32 VERSION
-rw-r--r-- 1 root root  668 Oct 10 01:32 fsimage_0000000000000000028
-rw-r--r-- 1 root root   62 Oct 10 01:32 fsimage_0000000000000000028.md5
-rw-r--r-- 1 root root   42 Oct 10 01:32 edits_0000000000000000027-0000000000000000028
-rw-r--r-- 1 root root 1.0M Oct 10 01:32 edits_0000000000000000001-0000000000000000026
-rw-r--r-- 1 root root   62 Oct 10 01:32 fsimage_0000000000000000000.md5
-rw-r--r-- 1 root root  394 Oct 10 01:32 fsimage_0000000000000000000

current
in_use.lock
total 4.1M
-rw-r--r-- 1 root root 1.0M Oct 12 08:13 edits_inprogress_0000000000000000031
-rw-r--r-- 1 root root    3 Oct 12 07:35 seen_txid
-rw-r--r-- 1 root root  212 Oct 12 07:35 VERSION
-rw-r--r-- 1 root root   62 Oct 12 07:35 fsimage_0000000000000000030.md5
-rw-r--r-- 1 root root  668 Oct 12 07:35 fsimage_0000000000000000030
-rw-r--r-- 1 root root 1.0M Oct 11 02:45 edits_0000000000000000030-0000000000000000030
-rw-r--r-- 1 root root   62 Oct 11 02:45 fsimage_0000000000000000029.md5
-rw-r--r-- 1 root root  668 Oct 11 02:45 fsimage_0000000000000000029
-rw-r--r-- 1 root root 1.0M Oct 10 01:31 edits_0000000000000000029-0000000000000000029
-rw-r--r-- 1 root root   42 Oct 10 01:31 edits_0000000000000000027-0000000000000000028
-rw-r--r-- 1 root root 1.0M Oct 10 01:22 edits_0000000000000000001-0000000000000000026
current
total 1.1M
-rw-r--r-- 1 root root  212 Oct 10 01:32 VERSION
-rw-r--r-- 1 root root  668 Oct 10 01:32 fsimage_0000000000000000028
-rw-r--r-- 1 root root   62 Oct 10 01:32 fsimage_0000000000000000028.md5
-rw-r--r-- 1 root root   42 Oct 10 01:32 edits_0000000000000000027-0000000000000000028
-rw-r--r-- 1 root root 1.0M Oct 10 01:32 edits_0000000000000000001-0000000000000000026
-rw-r--r-- 1 root root   62 Oct 10 01:32 fsimage_0000000000000000000.md5
-rw-r--r-- 1 root root  394 Oct 10 01:32 fsimage_0000000000000000000

current
in_use.lock
total 4.1M
-rw-r--r-- 1 root root 1.0M Oct 12 08:13 edits_inprogress_0000000000000000031
-rw-r--r-- 1 root root    3 Oct 12 07:35 seen_txid
-rw-r--r-- 1 root root  212 Oct 12 07:35 VERSION
-rw-r--r-- 1 root root   62 Oct 12 07:35 fsimage_0000000000000000030.md5
-rw-r--r-- 1 root root  668 Oct 12 07:35 fsimage_0000000000000000030
-rw-r--r-- 1 root root 1.0M Oct 11 02:45 edits_0000000000000000030-0000000000000000030
-rw-r--r-- 1 root root   62 Oct 11 02:45 fsimage_0000000000000000029.md5
-rw-r--r-- 1 root root  668 Oct 11 02:45 fsimage_0000000000000000029
-rw-r--r-- 1 root root 1.0M Oct 10 01:31 edits_0000000000000000029-0000000000000000029
-rw-r--r-- 1 root root   42 Oct 10 01:31 edits_0000000000000000027-0000000000000000028
-rw-r--r-- 1 root root 1.0M Oct 10 01:22 edits_0000000000000000001-0000000000000000026
current
total 1.1M
-rw-r--r-- 1 root root  212 Oct 10 01:32 VERSION
-rw-r--r-- 1 root root  668 Oct 10 01:32 fsimage_0000000000000000028
-rw-r--r-- 1 root root   62 Oct 10 01:32 fsimage_0000000000000000028.md5
-rw-r--r-- 1 root root   42 Oct 10 01:32 edits_0000000000000000027-0000000000000000028
-rw-r--r-- 1 root root 1.0M Oct 10 01:32 edits_0000000000000000001-0000000000000000026
-rw-r--r-- 1 root root   62 Oct 10 01:32 fsimage_0000000000000000000.md5
-rw-r--r-- 1 root root  394 Oct 10 01:32 fsimage_0000000000000000000

current
in_use.lock
total 4.1M
-rw-r--r-- 1 root root 1.0M Oct 12 08:13 edits_inprogress_0000000000000000031
-rw-r--r-- 1 root root    3 Oct 12 07:35 seen_txid
-rw-r--r-- 1 root root  212 Oct 12 07:35 VERSION
-rw-r--r-- 1 root root   62 Oct 12 07:35 fsimage_0000000000000000030.md5
-rw-r--r-- 1 root root  668 Oct 12 07:35 fsimage_0000000000000000030
-rw-r--r-- 1 root root 1.0M Oct 11 02:45 edits_0000000000000000030-0000000000000000030
-rw-r--r-- 1 root root   62 Oct 11 02:45 fsimage_0000000000000000029.md5
-rw-r--r-- 1 root root  668 Oct 11 02:45 fsimage_0000000000000000029
-rw-r--r-- 1 root root 1.0M Oct 10 01:31 edits_0000000000000000029-0000000000000000029
-rw-r--r-- 1 root root   42 Oct 10 01:31 edits_0000000000000000027-0000000000000000028
-rw-r--r-- 1 root root 1.0M Oct 10 01:22 edits_0000000000000000001-0000000000000000026
current
total 1.1M
-rw-r--r-- 1 root root  212 Oct 10 01:32 VERSION
-rw-r--r-- 1 root root  668 Oct 10 01:32 fsimage_0000000000000000028
-rw-r--r-- 1 root root   62 Oct 10 01:32 fsimage_0000000000000000028.md5
-rw-r--r-- 1 root root   42 Oct 10 01:32 edits_0000000000000000027-0000000000000000028
-rw-r--r-- 1 root root 1.0M Oct 10 01:32 edits_0000000000000000001-0000000000000000026
-rw-r--r-- 1 root root   62 Oct 10 01:32 fsimage_0000000000000000000.md5
-rw-r--r-- 1 root root  394 Oct 10 01:32 fsimage_0000000000000000000

current
in_use.lock
total 4.1M
-rw-r--r-- 1 root root 1.0M Oct 12 08:13 edits_inprogress_0000000000000000031
-rw-r--r-- 1 root root    3 Oct 12 07:35 seen_txid
-rw-r--r-- 1 root root  212 Oct 12 07:35 VERSION
-rw-r--r-- 1 root root   62 Oct 12 07:35 fsimage_0000000000000000030.md5
-rw-r--r-- 1 root root  668 Oct 12 07:35 fsimage_0000000000000000030
-rw-r--r-- 1 root root 1.0M Oct 11 02:45 edits_0000000000000000030-0000000000000000030
-rw-r--r-- 1 root root   62 Oct 11 02:45 fsimage_0000000000000000029.md5
-rw-r--r-- 1 root root  668 Oct 11 02:45 fsimage_0000000000000000029
-rw-r--r-- 1 root root 1.0M Oct 10 01:31 edits_0000000000000000029-0000000000000000029
-rw-r--r-- 1 root root   42 Oct 10 01:31 edits_0000000000000000027-0000000000000000028
-rw-r--r-- 1 root root 1.0M Oct 10 01:22 edits_0000000000000000001-0000000000000000026
current
total 1.1M
-rw-r--r-- 1 root root  212 Oct 10 01:32 VERSION
-rw-r--r-- 1 root root  668 Oct 10 01:32 fsimage_0000000000000000028
-rw-r--r-- 1 root root   62 Oct 10 01:32 fsimage_0000000000000000028.md5
-rw-r--r-- 1 root root   42 Oct 10 01:32 edits_0000000000000000027-0000000000000000028
-rw-r--r-- 1 root root 1.0M Oct 10 01:32 edits_0000000000000000001-0000000000000000026
-rw-r--r-- 1 root root   62 Oct 10 01:32 fsimage_0000000000000000000.md5
-rw-r--r-- 1 root root  394 Oct 10 01:32 fsimage_0000000000000000000

current
in_use.lock
total 4.1M
-rw-r--r-- 1 root root 1.0M Oct 12 08:13 edits_inprogress_0000000000000000031
-rw-r--r-- 1 root root    3 Oct 12 07:35 seen_txid
-rw-r--r-- 1 root root  212 Oct 12 07:35 VERSION
-rw-r--r-- 1 root root   62 Oct 12 07:35 fsimage_0000000000000000030.md5
-rw-r--r-- 1 root root  668 Oct 12 07:35 fsimage_0000000000000000030
-rw-r--r-- 1 root root 1.0M Oct 11 02:45 edits_0000000000000000030-0000000000000000030
-rw-r--r-- 1 root root   62 Oct 11 02:45 fsimage_0000000000000000029.md5
-rw-r--r-- 1 root root  668 Oct 11 02:45 fsimage_0000000000000000029
-rw-r--r-- 1 root root 1.0M Oct 10 01:31 edits_0000000000000000029-0000000000000000029
-rw-r--r-- 1 root root   42 Oct 10 01:31 edits_0000000000000000027-0000000000000000028
-rw-r--r-- 1 root root 1.0M Oct 10 01:22 edits_0000000000000000001-0000000000000000026
current
total 1.1M
-rw-r--r-- 1 root root  212 Oct 10 01:32 VERSION
-rw-r--r-- 1 root root  668 Oct 10 01:32 fsimage_0000000000000000028
-rw-r--r-- 1 root root   62 Oct 10 01:32 fsimage_0000000000000000028.md5
-rw-r--r-- 1 root root   42 Oct 10 01:32 edits_0000000000000000027-0000000000000000028
-rw-r--r-- 1 root root 1.0M Oct 10 01:32 edits_0000000000000000001-0000000000000000026
-rw-r--r-- 1 root root   62 Oct 10 01:32 fsimage_0000000000000000000.md5
-rw-r--r-- 1 root root  394 Oct 10 01:32 fsimage_0000000000000000000

current
in_use.lock
total 4.1M
-rw-r--r-- 1 root root 1.0M Oct 12 08:13 edits_inprogress_0000000000000000031
-rw-r--r-- 1 root root    3 Oct 12 07:35 seen_txid
-rw-r--r-- 1 root root  212 Oct 12 07:35 VERSION
-rw-r--r-- 1 root root   62 Oct 12 07:35 fsimage_0000000000000000030.md5
-rw-r--r-- 1 root root  668 Oct 12 07:35 fsimage_0000000000000000030
-rw-r--r-- 1 root root 1.0M Oct 11 02:45 edits_0000000000000000030-0000000000000000030
-rw-r--r-- 1 root root   62 Oct 11 02:45 fsimage_0000000000000000029.md5
-rw-r--r-- 1 root root  668 Oct 11 02:45 fsimage_0000000000000000029
-rw-r--r-- 1 root root 1.0M Oct 10 01:31 edits_0000000000000000029-0000000000000000029
-rw-r--r-- 1 root root   42 Oct 10 01:31 edits_0000000000000000027-0000000000000000028
-rw-r--r-- 1 root root 1.0M Oct 10 01:22 edits_0000000000000000001-0000000000000000026
current
total 1.1M
-rw-r--r-- 1 root root  212 Oct 10 01:32 VERSION
-rw-r--r-- 1 root root  668 Oct 10 01:32 fsimage_0000000000000000028
-rw-r--r-- 1 root root   62 Oct 10 01:32 fsimage_0000000000000000028.md5
-rw-r--r-- 1 root root   42 Oct 10 01:32 edits_0000000000000000027-0000000000000000028
-rw-r--r-- 1 root root 1.0M Oct 10 01:32 edits_0000000000000000001-0000000000000000026
-rw-r--r-- 1 root root   62 Oct 10 01:32 fsimage_0000000000000000000.md5
-rw-r--r-- 1 root root  394 Oct 10 01:32 fsimage_0000000000000000000

current
in_use.lock
total 4.1M
-rw-r--r-- 1 root root 1.0M Oct 12 08:13 edits_inprogress_0000000000000000031
-rw-r--r-- 1 root root    3 Oct 12 07:35 seen_txid
-rw-r--r-- 1 root root  212 Oct 12 07:35 VERSION
-rw-r--r-- 1 root root   62 Oct 12 07:35 fsimage_0000000000000000030.md5
-rw-r--r-- 1 root root  668 Oct 12 07:35 fsimage_0000000000000000030
-rw-r--r-- 1 root root 1.0M Oct 11 02:45 edits_0000000000000000030-0000000000000000030
-rw-r--r-- 1 root root   62 Oct 11 02:45 fsimage_0000000000000000029.md5
-rw-r--r-- 1 root root  668 Oct 11 02:45 fsimage_0000000000000000029
-rw-r--r-- 1 root root 1.0M Oct 10 01:31 edits_0000000000000000029-0000000000000000029
-rw-r--r-- 1 root root   42 Oct 10 01:31 edits_0000000000000000027-0000000000000000028
-rw-r--r-- 1 root root 1.0M Oct 10 01:22 edits_0000000000000000001-0000000000000000026
current
total 1.1M
-rw-r--r-- 1 root root  212 Oct 10 01:32 VERSION
-rw-r--r-- 1 root root  668 Oct 10 01:32 fsimage_0000000000000000028
-rw-r--r-- 1 root root   62 Oct 10 01:32 fsimage_0000000000000000028.md5
-rw-r--r-- 1 root root   42 Oct 10 01:32 edits_0000000000000000027-0000000000000000028
-rw-r--r-- 1 root root 1.0M Oct 10 01:32 edits_0000000000000000001-0000000000000000026
-rw-r--r-- 1 root root   62 Oct 10 01:32 fsimage_0000000000000000000.md5
-rw-r--r-- 1 root root  394 Oct 10 01:32 fsimage_0000000000000000000

current
in_use.lock
total 4.1M
-rw-r--r-- 1 root root 1.0M Oct 12 08:13 edits_inprogress_0000000000000000031
-rw-r--r-- 1 root root    3 Oct 12 07:35 seen_txid
-rw-r--r-- 1 root root  212 Oct 12 07:35 VERSION
-rw-r--r-- 1 root root   62 Oct 12 07:35 fsimage_0000000000000000030.md5
-rw-r--r-- 1 root root  668 Oct 12 07:35 fsimage_0000000000000000030
-rw-r--r-- 1 root root 1.0M Oct 11 02:45 edits_0000000000000000030-0000000000000000030
-rw-r--r-- 1 root root   62 Oct 11 02:45 fsimage_0000000000000000029.md5
-rw-r--r-- 1 root root  668 Oct 11 02:45 fsimage_0000000000000000029
-rw-r--r-- 1 root root 1.0M Oct 10 01:31 edits_0000000000000000029-0000000000000000029
-rw-r--r-- 1 root root   42 Oct 10 01:31 edits_0000000000000000027-0000000000000000028
-rw-r--r-- 1 root root 1.0M Oct 10 01:22 edits_0000000000000000001-0000000000000000026
current
total 1.1M
-rw-r--r-- 1 root root  212 Oct 10 01:32 VERSION
-rw-r--r-- 1 root root  668 Oct 10 01:32 fsimage_0000000000000000028
-rw-r--r-- 1 root root   62 Oct 10 01:32 fsimage_0000000000000000028.md5
-rw-r--r-- 1 root root   42 Oct 10 01:32 edits_0000000000000000027-0000000000000000028
-rw-r--r-- 1 root root 1.0M Oct 10 01:32 edits_0000000000000000001-0000000000000000026
-rw-r--r-- 1 root root   62 Oct 10 01:32 fsimage_0000000000000000000.md5
-rw-r--r-- 1 root root  394 Oct 10 01:32 fsimage_0000000000000000000

current
in_use.lock
total 4.1M
-rw-r--r-- 1 root root 1.0M Oct 12 08:13 edits_inprogress_0000000000000000031
-rw-r--r-- 1 root root    3 Oct 12 07:35 seen_txid
-rw-r--r-- 1 root root  212 Oct 12 07:35 VERSION
-rw-r--r-- 1 root root   62 Oct 12 07:35 fsimage_0000000000000000030.md5
-rw-r--r-- 1 root root  668 Oct 12 07:35 fsimage_0000000000000000030
-rw-r--r-- 1 root root 1.0M Oct 11 02:45 edits_0000000000000000030-0000000000000000030
-rw-r--r-- 1 root root   62 Oct 11 02:45 fsimage_0000000000000000029.md5
-rw-r--r-- 1 root root  668 Oct 11 02:45 fsimage_0000000000000000029
-rw-r--r-- 1 root root 1.0M Oct 10 01:31 edits_0000000000000000029-0000000000000000029
-rw-r--r-- 1 root root   42 Oct 10 01:31 edits_0000000000000000027-0000000000000000028
-rw-r--r-- 1 root root 1.0M Oct 10 01:22 edits_0000000000000000001-0000000000000000026
current
total 1.1M
-rw-r--r-- 1 root root  212 Oct 10 01:32 VERSION
-rw-r--r-- 1 root root  668 Oct 10 01:32 fsimage_0000000000000000028
-rw-r--r-- 1 root root   62 Oct 10 01:32 fsimage_0000000000000000028.md5
-rw-r--r-- 1 root root   42 Oct 10 01:32 edits_0000000000000000027-0000000000000000028
-rw-r--r-- 1 root root 1.0M Oct 10 01:32 edits_0000000000000000001-0000000000000000026
-rw-r--r-- 1 root root   62 Oct 10 01:32 fsimage_0000000000000000000.md5
-rw-r--r-- 1 root root  394 Oct 10 01:32 fsimage_0000000000000000000

current
in_use.lock
total 4.1M
-rw-r--r-- 1 root root 1.0M Oct 12 08:13 edits_inprogress_0000000000000000031
-rw-r--r-- 1 root root    3 Oct 12 07:35 seen_txid
-rw-r--r-- 1 root root  212 Oct 12 07:35 VERSION
-rw-r--r-- 1 root root   62 Oct 12 07:35 fsimage_0000000000000000030.md5
-rw-r--r-- 1 root root  668 Oct 12 07:35 fsimage_0000000000000000030
-rw-r--r-- 1 root root 1.0M Oct 11 02:45 edits_0000000000000000030-0000000000000000030
-rw-r--r-- 1 root root   62 Oct 11 02:45 fsimage_0000000000000000029.md5
-rw-r--r-- 1 root root  668 Oct 11 02:45 fsimage_0000000000000000029
-rw-r--r-- 1 root root 1.0M Oct 10 01:31 edits_0000000000000000029-0000000000000000029
-rw-r--r-- 1 root root   42 Oct 10 01:31 edits_0000000000000000027-0000000000000000028
-rw-r--r-- 1 root root 1.0M Oct 10 01:22 edits_0000000000000000001-0000000000000000026
current
total 1.1M
-rw-r--r-- 1 root root  212 Oct 10 01:32 VERSION
-rw-r--r-- 1 root root  668 Oct 10 01:32 fsimage_0000000000000000028
-rw-r--r-- 1 root root   62 Oct 10 01:32 fsimage_0000000000000000028.md5
-rw-r--r-- 1 root root   42 Oct 10 01:32 edits_0000000000000000027-0000000000000000028
-rw-r--r-- 1 root root 1.0M Oct 10 01:32 edits_0000000000000000001-0000000000000000026
-rw-r--r-- 1 root root   62 Oct 10 01:32 fsimage_0000000000000000000.md5
-rw-r--r-- 1 root root  394 Oct 10 01:32 fsimage_0000000000000000000

current
in_use.lock
total 4.1M
-rw-r--r-- 1 root root 1.0M Oct 12 08:13 edits_inprogress_0000000000000000031
-rw-r--r-- 1 root root    3 Oct 12 07:35 seen_txid
-rw-r--r-- 1 root root  212 Oct 12 07:35 VERSION
-rw-r--r-- 1 root root   62 Oct 12 07:35 fsimage_0000000000000000030.md5
-rw-r--r-- 1 root root  668 Oct 12 07:35 fsimage_0000000000000000030
-rw-r--r-- 1 root root 1.0M Oct 11 02:45 edits_0000000000000000030-0000000000000000030
-rw-r--r-- 1 root root   62 Oct 11 02:45 fsimage_0000000000000000029.md5
-rw-r--r-- 1 root root  668 Oct 11 02:45 fsimage_0000000000000000029
-rw-r--r-- 1 root root 1.0M Oct 10 01:31 edits_0000000000000000029-0000000000000000029
-rw-r--r-- 1 root root   42 Oct 10 01:31 edits_0000000000000000027-0000000000000000028
-rw-r--r-- 1 root root 1.0M Oct 10 01:22 edits_0000000000000000001-0000000000000000026
current
total 1.1M
-rw-r--r-- 1 root root  212 Oct 10 01:32 VERSION
-rw-r--r-- 1 root root  668 Oct 10 01:32 fsimage_0000000000000000028
-rw-r--r-- 1 root root   62 Oct 10 01:32 fsimage_0000000000000000028.md5
-rw-r--r-- 1 root root   42 Oct 10 01:32 edits_0000000000000000027-0000000000000000028
-rw-r--r-- 1 root root 1.0M Oct 10 01:32 edits_0000000000000000001-0000000000000000026
-rw-r--r-- 1 root root   62 Oct 10 01:32 fsimage_0000000000000000000.md5
-rw-r--r-- 1 root root  394 Oct 10 01:32 fsimage_0000000000000000000

current
in_use.lock
total 4.1M
-rw-r--r-- 1 root root 1.0M Oct 12 08:13 edits_inprogress_0000000000000000031
-rw-r--r-- 1 root root    3 Oct 12 07:35 seen_txid
-rw-r--r-- 1 root root  212 Oct 12 07:35 VERSION
-rw-r--r-- 1 root root   62 Oct 12 07:35 fsimage_0000000000000000030.md5
-rw-r--r-- 1 root root  668 Oct 12 07:35 fsimage_0000000000000000030
-rw-r--r-- 1 root root 1.0M Oct 11 02:45 edits_0000000000000000030-0000000000000000030
-rw-r--r-- 1 root root   62 Oct 11 02:45 fsimage_0000000000000000029.md5
-rw-r--r-- 1 root root  668 Oct 11 02:45 fsimage_0000000000000000029
-rw-r--r-- 1 root root 1.0M Oct 10 01:31 edits_0000000000000000029-0000000000000000029
-rw-r--r-- 1 root root   42 Oct 10 01:31 edits_0000000000000000027-0000000000000000028
-rw-r--r-- 1 root root 1.0M Oct 10 01:22 edits_0000000000000000001-0000000000000000026
current
total 1.1M
-rw-r--r-- 1 root root  212 Oct 10 01:32 VERSION
-rw-r--r-- 1 root root  668 Oct 10 01:32 fsimage_0000000000000000028
-rw-r--r-- 1 root root   62 Oct 10 01:32 fsimage_0000000000000000028.md5
-rw-r--r-- 1 root root   42 Oct 10 01:32 edits_0000000000000000027-0000000000000000028
-rw-r--r-- 1 root root 1.0M Oct 10 01:32 edits_0000000000000000001-0000000000000000026
-rw-r--r-- 1 root root   62 Oct 10 01:32 fsimage_0000000000000000000.md5
-rw-r--r-- 1 root root  394 Oct 10 01:32 fsimage_0000000000000000000

current
in_use.lock
total 4.1M
-rw-r--r-- 1 root root 1.0M Oct 12 08:13 edits_inprogress_0000000000000000031
-rw-r--r-- 1 root root    3 Oct 12 07:35 seen_txid
-rw-r--r-- 1 root root  212 Oct 12 07:35 VERSION
-rw-r--r-- 1 root root   62 Oct 12 07:35 fsimage_0000000000000000030.md5
-rw-r--r-- 1 root root  668 Oct 12 07:35 fsimage_0000000000000000030
-rw-r--r-- 1 root root 1.0M Oct 11 02:45 edits_0000000000000000030-0000000000000000030
-rw-r--r-- 1 root root   62 Oct 11 02:45 fsimage_0000000000000000029.md5
-rw-r--r-- 1 root root  668 Oct 11 02:45 fsimage_0000000000000000029
-rw-r--r-- 1 root root 1.0M Oct 10 01:31 edits_0000000000000000029-0000000000000000029
-rw-r--r-- 1 root root   42 Oct 10 01:31 edits_0000000000000000027-0000000000000000028
-rw-r--r-- 1 root root 1.0M Oct 10 01:22 edits_0000000000000000001-0000000000000000026
current
total 1.1M
-rw-r--r-- 1 root root  212 Oct 10 01:32 VERSION
-rw-r--r-- 1 root root  668 Oct 10 01:32 fsimage_0000000000000000028
-rw-r--r-- 1 root root   62 Oct 10 01:32 fsimage_0000000000000000028.md5
-rw-r--r-- 1 root root   42 Oct 10 01:32 edits_0000000000000000027-0000000000000000028
-rw-r--r-- 1 root root 1.0M Oct 10 01:32 edits_0000000000000000001-0000000000000000026
-rw-r--r-- 1 root root   62 Oct 10 01:32 fsimage_0000000000000000000.md5
-rw-r--r-- 1 root root  394 Oct 10 01:32 fsimage_0000000000000000000

