top - 09:52:53 up 37 min,  0 users,  load average: 2.20, 2.14, 1.46
Tasks:  14 total,   1 running,  13 sleeping,   0 stopped,   0 zombie
%Cpu(s): 46.7 us,  6.7 sy,  0.0 ni, 46.7 id,  0.0 wa,  0.0 hi,  0.0 si,  0.0 st
MiB Mem :   3936.1 total,    365.2 free,   2740.5 used,    830.4 buff/cache
MiB Swap:      0.0 total,      0.0 free,      0.0 used.    902.5 avail Mem 

    PID USER      PR  NI    VIRT    RES    SHR S  %CPU  %MEM     TIME+ COMMAND
   5587 root      20   0 2761520 323484  26728 S   6.7   8.0   0:08.20 java
      1 root      20   0   94400   4196   2056 S   0.0   0.1   0:00.15 systemd
     26 root      20   0   93912   3776   2792 S   0.0   0.1   0:00.36 systemd-journal
     28 root      20   0   88500   2572   1132 S   0.0   0.1   0:00.58 systemd-udevd
     43 dbus      20   0   53976   1424    868 S   0.0   0.0   0:00.07 dbus-daemon
     44 root      20   0   78528   2052   1108 S   0.0   0.1   0:00.02 sshd
     71 root      20   0   12148   2596   1968 S   0.0   0.1   0:00.15 bash
   2635 root      20   0   12148   2244   1652 S   0.0   0.1   0:00.07 bash
   5733 root      20   0 2753892 215412  26176 S   0.0   5.3   0:07.90 java
   5905 root      20   0 2700940 143960  26060 S   0.0   3.6   0:04.94 java
   6192 root      20   0 2912228 315828  26136 S   0.0   7.8   0:10.89 java
   6354 root      20   0 2779160 214688  27020 S   0.0   5.3   0:09.69 java
   6906 root      20   0   11884   2788   2560 S   0.0   0.1   0:00.00 top_record.sh
   6907 root      20   0   48920   3736   3200 R   0.0   0.1   0:00.00 top

top - 09:52:55 up 37 min,  0 users,  load average: 2.20, 2.14, 1.46
Tasks:  15 total,   1 running,  14 sleeping,   0 stopped,   0 zombie
%Cpu(s): 33.9 us,  5.1 sy,  0.0 ni, 61.0 id,  0.0 wa,  0.0 hi,  0.0 si,  0.0 st
MiB Mem :   3936.1 total,    365.2 free,   2740.5 used,    830.4 buff/cache
MiB Swap:      0.0 total,      0.0 free,      0.0 used.    902.5 avail Mem 

    PID USER      PR  NI    VIRT    RES    SHR S  %CPU  %MEM     TIME+ COMMAND
   6908 root      20   0 2648916  84944  25320 S  66.2   2.1   0:01.33 java
   6192 root      20   0 2912228 316000  26136 S   1.5   7.8   0:10.92 java
   5587 root      20   0 2761520 323484  26728 S   1.0   8.0   0:08.22 java
   6354 root      20   0 2779160 214688  27020 S   0.5   5.3   0:09.70 java
      1 root      20   0   94400   4196   2056 S   0.0   0.1   0:00.15 systemd
     26 root      20   0   93912   3776   2792 S   0.0   0.1   0:00.36 systemd-journal
     28 root      20   0   88500   2572   1132 S   0.0   0.1   0:00.58 systemd-udevd
     43 dbus      20   0   53976   1424    868 S   0.0   0.0   0:00.07 dbus-daemon
     44 root      20   0   78528   2052   1108 S   0.0   0.1   0:00.02 sshd
     71 root      20   0   12148   2596   1968 S   0.0   0.1   0:00.15 bash
   2635 root      20   0   12148   2244   1652 S   0.0   0.1   0:00.07 bash
   5733 root      20   0 2753892 215412  26176 S   0.0   5.3   0:07.90 java
   5905 root      20   0 2700940 143960  26060 S   0.0   3.6   0:04.94 java
   6906 root      20   0   11884   2788   2560 S   0.0   0.1   0:00.00 top_record.sh
   6907 root      20   0   48920   3736   3200 R   0.0   0.1   0:00.00 top

top - 09:52:57 up 37 min,  0 users,  load average: 2.27, 2.15, 1.46
Tasks:  15 total,   1 running,  14 sleeping,   0 stopped,   0 zombie
%Cpu(s): 74.1 us,  7.3 sy,  0.0 ni, 17.1 id,  1.5 wa,  0.0 hi,  0.0 si,  0.0 st
MiB Mem :   3936.1 total,    155.0 free,   2918.1 used,    863.1 buff/cache
MiB Swap:      0.0 total,      0.0 free,      0.0 used.    724.4 avail Mem 

    PID USER      PR  NI    VIRT    RES    SHR S  %CPU  %MEM     TIME+ COMMAND
   6908 root      20   0 2674968 177328  25372 S 102.0   4.4   0:03.37 java
   5733 root      20   0 2755940 221364  26176 S  19.0   5.5   0:08.28 java
   5587 root      20   0 2761520 329364  26728 S   3.5   8.2   0:08.29 java
   6192 root      20   0 2912228 316000  26136 S   1.0   7.8   0:10.94 java
   6354 root      20   0 2779160 214688  27020 S   0.5   5.3   0:09.71 java
      1 root      20   0   94400   4196   2056 S   0.0   0.1   0:00.15 systemd
     26 root      20   0   93912   3776   2792 S   0.0   0.1   0:00.36 systemd-journal
     28 root      20   0   88500   2572   1132 S   0.0   0.1   0:00.58 systemd-udevd
     43 dbus      20   0   53976   1424    868 S   0.0   0.0   0:00.07 dbus-daemon
     44 root      20   0   78528   2052   1108 S   0.0   0.1   0:00.02 sshd
     71 root      20   0   12148   2596   1968 S   0.0   0.1   0:00.15 bash
   2635 root      20   0   12148   2244   1652 S   0.0   0.1   0:00.07 bash
   5905 root      20   0 2700940 143960  26060 S   0.0   3.6   0:04.94 java
   6906 root      20   0   11884   2788   2560 S   0.0   0.1   0:00.00 top_record.sh
   6907 root      20   0   48920   3736   3200 R   0.0   0.1   0:00.00 top

top - 09:52:59 up 37 min,  0 users,  load average: 2.27, 2.15, 1.46
Tasks:  15 total,   1 running,  14 sleeping,   0 stopped,   0 zombie
%Cpu(s): 47.2 us, 16.9 sy,  0.0 ni,  8.6 id, 25.5 wa,  0.0 hi,  1.8 si,  0.0 st
MiB Mem :   3936.1 total,    155.0 free,   2918.1 used,    863.1 buff/cache
MiB Swap:      0.0 total,      0.0 free,      0.0 used.    724.4 avail Mem 

    PID USER      PR  NI    VIRT    RES    SHR S  %CPU  %MEM     TIME+ COMMAND
   6908 root      20   0 2674968 187988  25372 S  27.5   4.7   0:03.92 java
   5733 root      20   0 2755940 223196  26176 S  24.0   5.5   0:08.76 java
   6192 root      20   0 2912228 316000  26136 S   1.0   7.8   0:10.96 java
   5587 root      20   0 2761520 329364  26728 S   0.5   8.2   0:08.30 java
   6354 root      20   0 2779160 214688  27020 S   0.5   5.3   0:09.72 java
      1 root      20   0   94400   4092   1952 S   0.0   0.1   0:00.15 systemd
     26 root      20   0   93912   3740   2756 S   0.0   0.1   0:00.36 systemd-journal
     28 root      20   0   88500   2536   1096 S   0.0   0.1   0:00.58 systemd-udevd
     43 dbus      20   0   53976   1424    868 S   0.0   0.0   0:00.07 dbus-daemon
     44 root      20   0   78528   2052   1108 S   0.0   0.1   0:00.02 sshd
     71 root      20   0   12148   2596   1968 S   0.0   0.1   0:00.15 bash
   2635 root      20   0   12148   2244   1652 S   0.0   0.1   0:00.07 bash
   5905 root      20   0 2700940 143960  26060 S   0.0   3.6   0:04.94 java
   6906 root      20   0   11884   2788   2560 S   0.0   0.1   0:00.00 top_record.sh
   6907 root      20   0   48920   3736   3200 R   0.0   0.1   0:00.00 top

top - 09:53:01 up 37 min,  0 users,  load average: 2.32, 2.17, 1.47
Tasks:  15 total,   1 running,  14 sleeping,   0 stopped,   0 zombie
%Cpu(s): 27.5 us, 16.6 sy,  0.0 ni, 11.6 id, 42.1 wa,  0.0 hi,  2.3 si,  0.0 st
MiB Mem :   3936.1 total,    108.0 free,   3012.1 used,    816.1 buff/cache
MiB Swap:      0.0 total,      0.0 free,      0.0 used.    631.8 avail Mem 

    PID USER      PR  NI    VIRT    RES    SHR S  %CPU  %MEM     TIME+ COMMAND
   6908 root      20   0 2674968 236384  25412 S  20.9   5.9   0:04.34 java
   5733 root      20   0 2755940 223252  26164 S  16.4   5.5   0:09.09 java
   6192 root      20   0 2912228 315988  26124 S   1.5   7.8   0:10.99 java
   5587 root      20   0 2761520 329476  26716 S   0.5   8.2   0:08.31 java
   5905 root      20   0 2700940 143948  26048 S   0.5   3.6   0:04.95 java
   6354 root      20   0 2779160 214676  27008 S   0.5   5.3   0:09.73 java
   6907 root      20   0   48920   3736   3200 R   0.5   0.1   0:00.01 top
      1 root      20   0   94400   4092   1952 S   0.0   0.1   0:00.15 systemd
     26 root      20   0   93912   3740   2756 S   0.0   0.1   0:00.36 systemd-journal
     28 root      20   0   88500   2536   1096 S   0.0   0.1   0:00.58 systemd-udevd
     43 dbus      20   0   53976   1424    868 S   0.0   0.0   0:00.07 dbus-daemon
     44 root      20   0   78528   2052   1108 S   0.0   0.1   0:00.02 sshd
     71 root      20   0   12148   2596   1968 S   0.0   0.1   0:00.15 bash
   2635 root      20   0   12148   2244   1652 S   0.0   0.1   0:00.07 bash
   6906 root      20   0   11884   2788   2560 S   0.0   0.1   0:00.00 top_record.sh

top - 09:53:03 up 37 min,  0 users,  load average: 2.32, 2.17, 1.47
Tasks:  15 total,   1 running,  14 sleeping,   0 stopped,   0 zombie
%Cpu(s): 37.3 us, 15.0 sy,  0.0 ni, 12.6 id, 33.7 wa,  0.0 hi,  1.4 si,  0.0 st
MiB Mem :   3936.1 total,    108.0 free,   3012.1 used,    816.1 buff/cache
MiB Swap:      0.0 total,      0.0 free,      0.0 used.    631.8 avail Mem 

    PID USER      PR  NI    VIRT    RES    SHR S  %CPU  %MEM     TIME+ COMMAND
   6908 root      20   0 2689596 251136  25400 S  44.1   6.2   0:05.28 java
   5733 root      20   0 2755940 223292  26152 S  21.1   5.5   0:09.54 java
   6192 root      20   0 2912228 316000  26112 S   1.4   7.8   0:11.02 java
   5587 root      20   0 2761520 329460  26700 S   0.5   8.2   0:08.32 java
   6354 root      20   0 2779160 214676  27008 S   0.5   5.3   0:09.74 java
      1 root      20   0   94400   4092   1952 S   0.0   0.1   0:00.15 systemd
     26 root      20   0   93912   3740   2756 S   0.0   0.1   0:00.36 systemd-journal
     28 root      20   0   88500   2536   1096 S   0.0   0.1   0:00.58 systemd-udevd
     43 dbus      20   0   53976   1424    868 S   0.0   0.0   0:00.07 dbus-daemon
     44 root      20   0   78528   2052   1108 S   0.0   0.1   0:00.02 sshd
     71 root      20   0   12148   2596   1968 S   0.0   0.1   0:00.15 bash
   2635 root      20   0   12148   2244   1652 S   0.0   0.1   0:00.07 bash
   5905 root      20   0 2700940 143948  26048 S   0.0   3.6   0:04.95 java
   6906 root      20   0   11884   2788   2560 S   0.0   0.1   0:00.00 top_record.sh
   6907 root      20   0   48920   3736   3200 R   0.0   0.1   0:00.01 top

top - 09:53:05 up 37 min,  0 users,  load average: 2.32, 2.17, 1.47
Tasks:  15 total,   1 running,  14 sleeping,   0 stopped,   0 zombie
%Cpu(s): 30.9 us, 14.4 sy,  0.0 ni, 14.7 id, 37.7 wa,  0.0 hi,  2.3 si,  0.0 st
MiB Mem :   3936.1 total,    115.6 free,   3014.8 used,    805.8 buff/cache
MiB Swap:      0.0 total,      0.0 free,      0.0 used.    628.8 avail Mem 

    PID USER      PR  NI    VIRT    RES    SHR S  %CPU  %MEM     TIME+ COMMAND
   5733 root      20   0 2755940 223356  26152 S  18.9   5.5   0:09.92 java
   6908 root      20   0 2689596 257064  25400 S  14.9   6.4   0:05.58 java
   6192 root      20   0 2912228 316000  26112 S   1.0   7.8   0:11.04 java
   6354 root      20   0 2779160 214660  26992 S   1.0   5.3   0:09.76 java
   5587 root      20   0 2761520 329460  26700 S   0.5   8.2   0:08.33 java
      1 root      20   0   94400   4092   1952 S   0.0   0.1   0:00.15 systemd
     26 root      20   0   93912   3740   2756 S   0.0   0.1   0:00.36 systemd-journal
     28 root      20   0   88500   2536   1096 S   0.0   0.1   0:00.58 systemd-udevd
     43 dbus      20   0   53976   1424    868 S   0.0   0.0   0:00.07 dbus-daemon
     44 root      20   0   78528   2052   1108 S   0.0   0.1   0:00.02 sshd
     71 root      20   0   12148   2596   1968 S   0.0   0.1   0:00.15 bash
   2635 root      20   0   12148   2244   1652 S   0.0   0.1   0:00.07 bash
   5905 root      20   0 2700940 143924  26024 S   0.0   3.6   0:04.95 java
   6906 root      20   0   11884   2788   2560 S   0.0   0.1   0:00.00 top_record.sh
   6907 root      20   0   48920   3736   3200 R   0.0   0.1   0:00.01 top

top - 09:53:07 up 37 min,  0 users,  load average: 2.46, 2.20, 1.49
Tasks:  15 total,   1 running,  14 sleeping,   0 stopped,   0 zombie
%Cpu(s): 17.1 us, 15.6 sy,  0.0 ni, 20.8 id, 44.8 wa,  0.0 hi,  1.7 si,  0.0 st
MiB Mem :   3936.1 total,    115.6 free,   3014.8 used,    805.8 buff/cache
MiB Swap:      0.0 total,      0.0 free,      0.0 used.    628.8 avail Mem 

    PID USER      PR  NI    VIRT    RES    SHR S  %CPU  %MEM     TIME+ COMMAND
   5733 root      20   0 2755940 231884  26152 S  12.5   5.8   0:10.18 java
   6908 root      20   0 2689596 257008  25400 S  12.0   6.4   0:05.83 java
   6192 root      20   0 2912228 316000  26112 S   1.4   7.8   0:11.07 java
   6354 root      20   0 2779160 214660  26992 S   0.5   5.3   0:09.77 java
      1 root      20   0   94400   4056   1916 S   0.0   0.1   0:00.15 systemd
     26 root      20   0   93912   3740   2756 S   0.0   0.1   0:00.36 systemd-journal
     28 root      20   0   88500   2536   1096 S   0.0   0.1   0:00.58 systemd-udevd
     43 dbus      20   0   53976   1424    868 S   0.0   0.0   0:00.07 dbus-daemon
     44 root      20   0   78528   2052   1108 S   0.0   0.1   0:00.02 sshd
     71 root      20   0   12148   2596   1968 S   0.0   0.1   0:00.15 bash
   2635 root      20   0   12148   2244   1652 S   0.0   0.1   0:00.07 bash
   5587 root      20   0 2761520 329460  26700 S   0.0   8.2   0:08.33 java
   5905 root      20   0 2700940 143924  26024 S   0.0   3.6   0:04.95 java
   6906 root      20   0   11884   2788   2560 S   0.0   0.1   0:00.00 top_record.sh
   6907 root      20   0   48920   3736   3200 R   0.0   0.1   0:00.01 top

top - 09:53:09 up 37 min,  0 users,  load average: 2.46, 2.20, 1.49
Tasks:  15 total,   1 running,  14 sleeping,   0 stopped,   0 zombie
%Cpu(s): 15.1 us, 16.1 sy,  0.0 ni, 17.3 id, 49.0 wa,  0.0 hi,  2.4 si,  0.0 st
MiB Mem :   3936.1 total,    116.5 free,   3047.0 used,    772.6 buff/cache
MiB Swap:      0.0 total,      0.0 free,      0.0 used.    596.4 avail Mem 

    PID USER      PR  NI    VIRT    RES    SHR S  %CPU  %MEM     TIME+ COMMAND
   6908 root      20   0 2689596 266244  25400 S  17.7   6.6   0:06.20 java
   5733 root      20   0 2755940 231884  26152 S  13.9   5.8   0:10.47 java
   6192 root      20   0 2912228 316152  26112 S   1.9   7.8   0:11.11 java
   5587 root      20   0 2761520 329460  26700 S   0.5   8.2   0:08.34 java
   6354 root      20   0 2779160 214660  26992 S   0.5   5.3   0:09.78 java
      1 root      20   0   94400   3988   1848 S   0.0   0.1   0:00.15 systemd
     26 root      20   0   93912   3688   2704 S   0.0   0.1   0:00.36 systemd-journal
     28 root      20   0   88500   2472   1032 S   0.0   0.1   0:00.58 systemd-udevd
     43 dbus      20   0   53976   1352    796 S   0.0   0.0   0:00.07 dbus-daemon
     44 root      20   0   78528   2052   1108 S   0.0   0.1   0:00.02 sshd
     71 root      20   0   12148   2596   1968 S   0.0   0.1   0:00.15 bash
   2635 root      20   0   12148   2244   1652 S   0.0   0.1   0:00.07 bash
   5905 root      20   0 2700940 143924  26024 S   0.0   3.6   0:04.95 java
   6906 root      20   0   11884   2788   2560 S   0.0   0.1   0:00.00 top_record.sh
   6907 root      20   0   48920   3736   3200 R   0.0   0.1   0:00.01 top

top - 09:53:11 up 37 min,  0 users,  load average: 2.82, 2.28, 1.52
Tasks:  15 total,   1 running,  14 sleeping,   0 stopped,   0 zombie
%Cpu(s): 31.2 us, 16.8 sy,  0.0 ni, 20.4 id, 30.7 wa,  0.0 hi,  1.0 si,  0.0 st
MiB Mem :   3936.1 total,    116.5 free,   3047.0 used,    772.6 buff/cache
MiB Swap:      0.0 total,      0.0 free,      0.0 used.    596.4 avail Mem 

    PID USER      PR  NI    VIRT    RES    SHR S  %CPU  %MEM     TIME+ COMMAND
   6908 root      20   0 2689596 318900  25400 S  28.0   7.9   0:06.76 java
   5733 root      20   0 2755940 232000  26152 S  17.0   5.8   0:10.81 java
   6354 root      20   0 2779160 223056  26992 S   2.0   5.5   0:09.82 java
   6192 root      20   0 2912228 316152  26112 S   1.5   7.8   0:11.14 java
   5587 root      20   0 2761520 329660  26700 S   0.5   8.2   0:08.35 java
      1 root      20   0   94400   3728   1588 S   0.0   0.1   0:00.15 systemd
     26 root      20   0   93912   3500   2516 S   0.0   0.1   0:00.36 systemd-journal
     28 root      20   0   88500   2312    872 S   0.0   0.1   0:00.58 systemd-udevd
     43 dbus      20   0   53976   1196    640 S   0.0   0.0   0:00.07 dbus-daemon
     44 root      20   0   78528   2052   1108 S   0.0   0.1   0:00.02 sshd
     71 root      20   0   12148   2596   1968 S   0.0   0.1   0:00.15 bash
   2635 root      20   0   12148   2244   1652 S   0.0   0.1   0:00.07 bash
   5905 root      20   0 2700940 143924  26024 S   0.0   3.6   0:04.95 java
   6906 root      20   0   11884   2788   2560 S   0.0   0.1   0:00.00 top_record.sh
   6907 root      20   0   48920   3736   3200 R   0.0   0.1   0:00.01 top

top - 09:53:13 up 37 min,  0 users,  load average: 2.82, 2.28, 1.52
Tasks:  15 total,   1 running,  14 sleeping,   0 stopped,   0 zombie
%Cpu(s): 26.4 us, 15.1 sy,  0.0 ni, 11.3 id, 45.5 wa,  0.0 hi,  1.8 si,  0.0 st
MiB Mem :   3936.1 total,    115.7 free,   3136.9 used,    683.5 buff/cache
MiB Swap:      0.0 total,      0.0 free,      0.0 used.    506.9 avail Mem 

    PID USER      PR  NI    VIRT    RES    SHR S  %CPU  %MEM     TIME+ COMMAND
   6908 root      20   0 2689596 318972  25400 S  18.9   7.9   0:07.14 java
   5733 root      20   0 2755940 232000  26152 S  10.0   5.8   0:11.01 java
   6192 root      20   0 2912228 316320  26112 S   2.5   7.8   0:11.19 java
   5905 root      20   0 2700940 143924  26024 S   0.5   3.6   0:04.96 java
   6354 root      20   0 2779160 223056  26992 S   0.5   5.5   0:09.83 java
      1 root      20   0   94400   3664   1524 S   0.0   0.1   0:00.15 systemd
     26 root      20   0   93912   3472   2488 S   0.0   0.1   0:00.36 systemd-journal
     28 root      20   0   88500   2268    828 S   0.0   0.1   0:00.58 systemd-udevd
     43 dbus      20   0   53976   1148    592 S   0.0   0.0   0:00.07 dbus-daemon
     44 root      20   0   78528   2052   1108 S   0.0   0.1   0:00.02 sshd
     71 root      20   0   12148   2596   1968 S   0.0   0.1   0:00.15 bash
   2635 root      20   0   12148   2244   1652 S   0.0   0.1   0:00.07 bash
   5587 root      20   0 2761520 329660  26700 S   0.0   8.2   0:08.35 java
   6906 root      20   0   11884   2788   2560 S   0.0   0.1   0:00.00 top_record.sh
   6907 root      20   0   48920   3736   3200 R   0.0   0.1   0:00.01 top

top - 09:53:15 up 37 min,  0 users,  load average: 2.82, 2.28, 1.52
Tasks:  15 total,   1 running,  14 sleeping,   0 stopped,   0 zombie
%Cpu(s): 18.4 us, 16.6 sy,  0.0 ni, 18.4 id, 44.9 wa,  0.0 hi,  1.8 si,  0.0 st
MiB Mem :   3936.1 total,    115.7 free,   3136.9 used,    683.5 buff/cache
MiB Swap:      0.0 total,      0.0 free,      0.0 used.    506.9 avail Mem 

    PID USER      PR  NI    VIRT    RES    SHR S  %CPU  %MEM     TIME+ COMMAND
   6908 root      20   0 2689596 319044  25400 S  18.0   7.9   0:07.50 java
   5733 root      20   0 2755940 232072  26152 S  16.0   5.8   0:11.33 java
   6192 root      20   0 2912228 316472  26112 S   1.5   7.9   0:11.22 java
   5587 root      20   0 2761520 329660  26700 S   1.0   8.2   0:08.37 java
   6354 root      20   0 2779160 223056  26992 S   0.5   5.5   0:09.84 java
      1 root      20   0   94400   3556   1416 S   0.0   0.1   0:00.15 systemd
     26 root      20   0   93912   3432   2448 S   0.0   0.1   0:00.36 systemd-journal
     28 root      20   0   88500   2240    800 S   0.0   0.1   0:00.58 systemd-udevd
     43 dbus      20   0   53976   1100    544 S   0.0   0.0   0:00.07 dbus-daemon
     44 root      20   0   78528   2052   1108 S   0.0   0.1   0:00.02 sshd
     71 root      20   0   12148   2596   1968 S   0.0   0.1   0:00.15 bash
   2635 root      20   0   12148   2244   1652 S   0.0   0.1   0:00.07 bash
   5905 root      20   0 2700940 143924  26024 S   0.0   3.6   0:04.96 java
   6906 root      20   0   11884   2788   2560 S   0.0   0.1   0:00.00 top_record.sh
   6907 root      20   0   48920   3736   3200 R   0.0   0.1   0:00.01 top

top - 09:53:17 up 37 min,  0 users,  load average: 3.08, 2.34, 1.54
Tasks:  15 total,   1 running,  14 sleeping,   0 stopped,   0 zombie
%Cpu(s): 40.8 us, 15.2 sy,  0.0 ni, 13.8 id, 28.2 wa,  0.0 hi,  2.0 si,  0.0 st
MiB Mem :   3936.1 total,    121.3 free,   3142.5 used,    672.4 buff/cache
MiB Swap:      0.0 total,      0.0 free,      0.0 used.    501.1 avail Mem 

    PID USER      PR  NI    VIRT    RES    SHR S  %CPU  %MEM     TIME+ COMMAND
   6908 root      20   0 2706364 336932  25400 S  41.0   8.4   0:08.32 java
   5733 root      20   0 2755940 232452  26152 S  16.5   5.8   0:11.66 java
   6192 root      20   0 2912228 316472  26112 S   1.5   7.9   0:11.25 java
   5587 root      20   0 2761520 329660  26700 S   1.0   8.2   0:08.39 java
   6354 root      20   0 2779160 223056  26992 S   0.5   5.5   0:09.85 java
   6907 root      20   0   48920   3728   3192 R   0.5   0.1   0:00.02 top
      1 root      20   0   94400   3436   1296 S   0.0   0.1   0:00.15 systemd
     26 root      20   0   93912   3328   2344 S   0.0   0.1   0:00.36 systemd-journal
     28 root      20   0   88500   2160    720 S   0.0   0.1   0:00.58 systemd-udevd
     43 dbus      20   0   53976   1048    492 S   0.0   0.0   0:00.07 dbus-daemon
     44 root      20   0   78528   2036   1092 S   0.0   0.1   0:00.02 sshd
     71 root      20   0   12148   2596   1968 S   0.0   0.1   0:00.15 bash
   2635 root      20   0   12148   2244   1652 S   0.0   0.1   0:00.07 bash
   5905 root      20   0 2700940 143924  26024 S   0.0   3.6   0:04.96 java
   6906 root      20   0   11884   2788   2560 S   0.0   0.1   0:00.00 top_record.sh

top - 09:53:19 up 38 min,  0 users,  load average: 3.08, 2.34, 1.54
Tasks:  15 total,   1 running,  14 sleeping,   0 stopped,   0 zombie
%Cpu(s): 25.4 us, 16.2 sy,  0.0 ni, 19.5 id, 36.7 wa,  0.0 hi,  2.3 si,  0.0 st
MiB Mem :   3936.1 total,    121.3 free,   3142.5 used,    672.4 buff/cache
MiB Swap:      0.0 total,      0.0 free,      0.0 used.    501.1 avail Mem 

    PID USER      PR  NI    VIRT    RES    SHR S  %CPU  %MEM     TIME+ COMMAND
   6908 root      20   0 2706364 343580  25376 S  17.4   8.5   0:08.67 java
   5733 root      20   0 2755940 232568  26128 S  16.9   5.8   0:12.00 java
   6192 root      20   0 2912228 316448  26088 S   1.5   7.9   0:11.28 java
   5905 root      20   0 2700940 144432  26000 S   0.5   3.6   0:04.97 java
   6354 root      20   0 2779160 223032  26968 S   0.5   5.5   0:09.86 java
      1 root      20   0   94400   3300   1160 S   0.0   0.1   0:00.15 systemd
     26 root      20   0   93912   3224   2240 S   0.0   0.1   0:00.36 systemd-journal
     28 root      20   0   88500   2124    684 S   0.0   0.1   0:00.58 systemd-udevd
     43 dbus      20   0   53976   1008    452 S   0.0   0.0   0:00.07 dbus-daemon
     44 root      20   0   78528   2036   1092 S   0.0   0.1   0:00.02 sshd
     71 root      20   0   12148   2596   1968 S   0.0   0.1   0:00.15 bash
   2635 root      20   0   12148   2244   1652 S   0.0   0.1   0:00.07 bash
   5587 root      20   0 2761520 329636  26676 S   0.0   8.2   0:08.39 java
   6906 root      20   0   11884   2788   2560 S   0.0   0.1   0:00.00 top_record.sh
   6907 root      20   0   48920   3724   3188 R   0.0   0.1   0:00.02 top

top - 09:53:21 up 38 min,  0 users,  load average: 2.91, 2.32, 1.54
Tasks:  15 total,   1 running,  14 sleeping,   0 stopped,   0 zombie
%Cpu(s): 19.0 us, 14.8 sy,  0.0 ni, 15.8 id, 49.1 wa,  0.0 hi,  1.3 si,  0.0 st
MiB Mem :   3936.1 total,    101.8 free,   3156.7 used,    677.6 buff/cache
MiB Swap:      0.0 total,      0.0 free,      0.0 used.    486.3 avail Mem 

    PID USER      PR  NI    VIRT    RES    SHR S  %CPU  %MEM     TIME+ COMMAND
   6908 root      20   0 2706364 341828  23404 S  19.0   8.5   0:09.05 java
   5733 root      20   0 2755940 230596  24156 S  10.0   5.7   0:12.20 java
   6192 root      20   0 2912228 314476  24116 S   1.5   7.8   0:11.31 java
   6354 root      20   0 2779160 221364  25000 S   1.0   5.5   0:09.88 java
   5587 root      20   0 2761520 327652  24692 S   0.5   8.1   0:08.40 java
      1 root      20   0   94400   3196   1056 S   0.0   0.1   0:00.15 systemd
     26 root      20   0   93912   3180   2196 S   0.0   0.1   0:00.36 systemd-journal
     28 root      20   0   88500   2116    676 S   0.0   0.1   0:00.58 systemd-udevd
     43 dbus      20   0   53976    972    416 S   0.0   0.0   0:00.07 dbus-daemon
     44 root      20   0   78528   2036   1092 S   0.0   0.1   0:00.02 sshd
     71 root      20   0   12148   2596   1968 S   0.0   0.1   0:00.15 bash
   2635 root      20   0   12148   2244   1652 S   0.0   0.1   0:00.07 bash
   5905 root      20   0 2700940 142460  24028 S   0.0   3.5   0:04.97 java
   6906 root      20   0   11884   2788   2560 S   0.0   0.1   0:00.00 top_record.sh
   6907 root      20   0   48920   3720   3184 R   0.0   0.1   0:00.02 top

top - 09:53:23 up 38 min,  0 users,  load average: 2.91, 2.32, 1.54
Tasks:  15 total,   1 running,  14 sleeping,   0 stopped,   0 zombie
%Cpu(s): 32.8 us, 13.8 sy,  0.0 ni, 13.6 id, 38.3 wa,  0.0 hi,  1.5 si,  0.0 st
MiB Mem :   3936.1 total,    101.8 free,   3156.7 used,    677.6 buff/cache
MiB Swap:      0.0 total,      0.0 free,      0.0 used.    486.3 avail Mem 

    PID USER      PR  NI    VIRT    RES    SHR S  %CPU  %MEM     TIME+ COMMAND
   6908 root      20   0 2706364 341408  22872 S  40.9   8.5   0:09.90 java
   5733 root      20   0 2755940 230124  23624 S  10.6   5.7   0:12.42 java
   6192 root      20   0 2912228 313944  23584 S   0.5   7.8   0:11.32 java
   6354 root      20   0 2779160 220832  24468 S   0.5   5.5   0:09.89 java
      1 root      20   0   94400   3152   1012 S   0.0   0.1   0:00.15 systemd
     26 root      20   0   93912   3160   2176 S   0.0   0.1   0:00.36 systemd-journal
     28 root      20   0   88500   2116    676 S   0.0   0.1   0:00.58 systemd-udevd
     43 dbus      20   0   53976    964    408 S   0.0   0.0   0:00.07 dbus-daemon
     44 root      20   0   78528   2036   1092 S   0.0   0.1   0:00.02 sshd
     71 root      20   0   12148   2596   1968 S   0.0   0.1   0:00.15 bash
   2635 root      20   0   12148   2244   1652 S   0.0   0.1   0:00.07 bash
   5587 root      20   0 2761520 327120  24160 S   0.0   8.1   0:08.40 java
   5905 root      20   0 2700940 141916  23484 S   0.0   3.5   0:04.97 java
   6906 root      20   0   11884   2788   2560 S   0.0   0.1   0:00.00 top_record.sh
   6907 root      20   0   48920   3720   3184 R   0.0   0.1   0:00.02 top

top - 09:53:25 up 38 min,  0 users,  load average: 2.91, 2.32, 1.54
Tasks:  15 total,   1 running,  14 sleeping,   0 stopped,   0 zombie
%Cpu(s): 14.8 us, 15.0 sy,  0.0 ni, 12.8 id, 55.6 wa,  0.0 hi,  1.8 si,  0.0 st
MiB Mem :   3936.1 total,    107.9 free,   3170.8 used,    657.5 buff/cache
MiB Swap:      0.0 total,      0.0 free,      0.0 used.    472.0 avail Mem 

    PID USER      PR  NI    VIRT    RES    SHR S  %CPU  %MEM     TIME+ COMMAND
   6908 root      20   0 2694252 340560  22720 S  11.9   8.4   0:10.14 java
   5733 root      20   0 2755940 229968  23468 S   9.5   5.7   0:12.61 java
   6192 root      20   0 2912228 313788  23428 S   1.5   7.8   0:11.35 java
   5587 root      20   0 2761520 327224  24004 S   0.5   8.1   0:08.41 java
   6354 root      20   0 2779160 220676  24312 S   0.5   5.5   0:09.90 java
      1 root      20   0   94400   3132    992 S   0.0   0.1   0:00.15 systemd
     26 root      20   0   93912   3148   2164 S   0.0   0.1   0:00.36 systemd-journal
     28 root      20   0   88500   2116    676 S   0.0   0.1   0:00.58 systemd-udevd
     43 dbus      20   0   53976    956    400 S   0.0   0.0   0:00.07 dbus-daemon
     44 root      20   0   78528   2036   1092 S   0.0   0.1   0:00.02 sshd
     71 root      20   0   12148   2596   1968 S   0.0   0.1   0:00.15 bash
   2635 root      20   0   12148   2244   1652 S   0.0   0.1   0:00.07 bash
   5905 root      20   0 2700940 141760  23328 S   0.0   3.5   0:04.97 java
   6906 root      20   0   11884   2788   2560 S   0.0   0.1   0:00.00 top_record.sh
   6907 root      20   0   48920   3720   3184 R   0.0   0.1   0:00.02 top

top - 09:53:27 up 38 min,  0 users,  load average: 3.00, 2.34, 1.55
Tasks:  15 total,   1 running,  14 sleeping,   0 stopped,   0 zombie
%Cpu(s): 13.0 us, 16.6 sy,  0.0 ni, 20.2 id, 48.5 wa,  0.0 hi,  1.8 si,  0.0 st
MiB Mem :   3936.1 total,    107.9 free,   3170.8 used,    657.5 buff/cache
MiB Swap:      0.0 total,      0.0 free,      0.0 used.    472.0 avail Mem 

    PID USER      PR  NI    VIRT    RES    SHR S  %CPU  %MEM     TIME+ COMMAND
   6908 root      20   0 2694252 377484  22668 S  15.5   9.4   0:10.45 java
   5733 root      20   0 2755940 229916  23416 S  10.0   5.7   0:12.81 java
   6192 root      20   0 2912228 313736  23376 S   1.5   7.8   0:11.38 java
   5587 root      20   0 2761520 327240  23952 S   0.5   8.1   0:08.42 java
   6354 root      20   0 2779160 220624  24260 S   0.5   5.5   0:09.91 java
      1 root      20   0   94400   3112    972 S   0.0   0.1   0:00.15 systemd
     26 root      20   0   93912   3132   2148 S   0.0   0.1   0:00.36 systemd-journal
     28 root      20   0   88500   2116    676 S   0.0   0.1   0:00.58 systemd-udevd
     43 dbus      20   0   53976    932    376 S   0.0   0.0   0:00.07 dbus-daemon
     44 root      20   0   78528   2036   1092 S   0.0   0.1   0:00.02 sshd
     71 root      20   0   12148   2596   1968 S   0.0   0.1   0:00.15 bash
   2635 root      20   0   12148   2244   1652 S   0.0   0.1   0:00.07 bash
   5905 root      20   0 2700940 141708  23276 S   0.0   3.5   0:04.97 java
   6906 root      20   0   11884   2788   2560 S   0.0   0.1   0:00.00 top_record.sh
   6907 root      20   0   48920   3720   3184 R   0.0   0.1   0:00.02 top

top - 09:53:29 up 38 min,  0 users,  load average: 3.00, 2.34, 1.55
Tasks:  15 total,   1 running,  14 sleeping,   0 stopped,   0 zombie
%Cpu(s): 24.1 us, 14.3 sy,  0.0 ni, 13.3 id, 47.0 wa,  0.0 hi,  1.3 si,  0.0 st
MiB Mem :   3936.1 total,    103.1 free,   3208.4 used,    624.7 buff/cache
MiB Swap:      0.0 total,      0.0 free,      0.0 used.    434.2 avail Mem 

    PID USER      PR  NI    VIRT    RES    SHR S  %CPU  %MEM     TIME+ COMMAND
   6908 root      20   0 2694252 377604  22668 S  20.5   9.4   0:10.86 java
   5733 root      20   0 2755940 229984  23416 S  15.5   5.7   0:13.12 java
   6192 root      20   0 2912228 313736  23376 S   1.5   7.8   0:11.41 java
   5587 root      20   0 2761520 327240  23952 S   0.5   8.1   0:08.43 java
   5905 root      20   0 2700940 141724  23280 S   0.5   3.5   0:04.98 java
   6354 root      20   0 2779160 220624  24260 S   0.5   5.5   0:09.92 java
      1 root      20   0   94400   3100    960 S   0.0   0.1   0:00.15 systemd
     26 root      20   0   93912   3108   2124 S   0.0   0.1   0:00.36 systemd-journal
     28 root      20   0   88500   2104    664 S   0.0   0.1   0:00.58 systemd-udevd
     43 dbus      20   0   53976    916    360 S   0.0   0.0   0:00.07 dbus-daemon
     44 root      20   0   78528   2036   1092 S   0.0   0.1   0:00.02 sshd
     71 root      20   0   12148   2596   1968 S   0.0   0.1   0:00.15 bash
   2635 root      20   0   12148   2244   1652 S   0.0   0.1   0:00.07 bash
   6906 root      20   0   11884   2788   2560 S   0.0   0.1   0:00.00 top_record.sh
   6907 root      20   0   48920   3720   3184 R   0.0   0.1   0:00.02 top

top - 09:53:31 up 38 min,  0 users,  load average: 3.00, 2.36, 1.56
Tasks:  15 total,   1 running,  14 sleeping,   0 stopped,   0 zombie
%Cpu(s): 18.5 us, 10.9 sy,  0.0 ni, 26.4 id, 42.6 wa,  0.0 hi,  1.5 si,  0.0 st
MiB Mem :   3936.1 total,    103.1 free,   3208.4 used,    624.7 buff/cache
MiB Swap:      0.0 total,      0.0 free,      0.0 used.    434.2 avail Mem 

    PID USER      PR  NI    VIRT    RES    SHR S  %CPU  %MEM     TIME+ COMMAND
   6908 root      20   0 2694252 377400  22220 S  11.4   9.4   0:11.09 java
   5733 root      20   0 2755940 229480  22720 S   9.0   5.7   0:13.30 java
   5587 root      20   0 2761520 327124  23384 S   2.0   8.1   0:08.47 java
   6192 root      20   0 2912228 313040  22680 S   1.0   7.8   0:11.43 java
   6354 root      20   0 2779160 219980  23564 S   0.5   5.5   0:09.93 java
      1 root      20   0   94400   3064    924 S   0.0   0.1   0:00.15 systemd
     26 root      20   0   93912   3068   2084 S   0.0   0.1   0:00.36 systemd-journal
     28 root      20   0   88500   2080    640 S   0.0   0.1   0:00.58 systemd-udevd
     43 dbus      20   0   53976    892    336 S   0.0   0.0   0:00.07 dbus-daemon
     44 root      20   0   78528   2028   1084 S   0.0   0.1   0:00.02 sshd
     71 root      20   0   12148   2588   1960 S   0.0   0.1   0:00.15 bash
   2635 root      20   0   12148   2236   1644 S   0.0   0.1   0:00.07 bash
   5905 root      20   0 2700940 141028  22584 S   0.0   3.5   0:04.98 java
   6906 root      20   0   11884   2780   2552 S   0.0   0.1   0:00.00 top_record.sh
   6907 root      20   0   48920   3712   3176 R   0.0   0.1   0:00.02 top
